<?xml version="1.0" encoding="UTF-8"?>
<testsuite name="tests.WebQuizEngineTest" tests="1" skipped="0" failures="0" errors="0" timestamp="2020-12-06T01:24:04" hostname="homei5-G3-3579" time="25.239">
  <properties/>
  <testcase name="start" classname="tests.WebQuizEngineTest" time="25.239"/>
  <system-out><![CDATA[?[1;31m
Start test 1?[0m

  .   ____          _            __ _ _
 /\\ / ___'_ __ _ _(_)_ __  __ _ \ \ \ \
( ( )\___ | '_ | '_| | '_ \/ _` | \ \ \ \
 \\/  ___)| |_)| | | | | || (_| |  ) ) ) )
  '  |____| .__|_| |_|_| |_\__, | / / / /
 =========|_|==============|___/=/_/_/_/
 :: Spring Boot ::        (v2.2.2.RELEASE)

2020-12-06 03:24:05.175  INFO 162321 --- [    Test worker] engine.WebQuizEngine                     : Starting WebQuizEngine on homei5-G3-3579 with PID 162321 (started by home-i5 in /home/home-i5/IdeaProjects/Web Quiz Engine/Web Quiz Engine/task)
2020-12-06 03:24:05.193  INFO 162321 --- [    Test worker] engine.WebQuizEngine                     : No active profile set, falling back to default profiles: default
2020-12-06 03:24:06.290  INFO 162321 --- [    Test worker] .s.d.r.c.RepositoryConfigurationDelegate : Bootstrapping Spring Data JPA repositories in DEFAULT mode.
2020-12-06 03:24:06.339  INFO 162321 --- [    Test worker] .s.d.r.c.RepositoryConfigurationDelegate : Finished Spring Data repository scanning in 43ms. Found 3 JPA repository interfaces.
2020-12-06 03:24:06.650  INFO 162321 --- [    Test worker] trationDelegate$BeanPostProcessorChecker : Bean 'org.springframework.transaction.annotation.ProxyTransactionManagementConfiguration' of type [org.springframework.transaction.annotation.ProxyTransactionManagementConfiguration] is not eligible for getting processed by all BeanPostProcessors (for example: not eligible for auto-proxying)
2020-12-06 03:24:06.992  INFO 162321 --- [    Test worker] o.s.b.w.embedded.tomcat.TomcatWebServer  : Tomcat initialized with port(s): 8889 (http)
2020-12-06 03:24:07.001  INFO 162321 --- [    Test worker] o.apache.catalina.core.StandardService   : Starting service [Tomcat]
2020-12-06 03:24:07.002  INFO 162321 --- [    Test worker] org.apache.catalina.core.StandardEngine  : Starting Servlet engine: [Apache Tomcat/9.0.29]
2020-12-06 03:24:07.089  INFO 162321 --- [    Test worker] o.a.c.c.C.[Tomcat].[localhost].[/]       : Initializing Spring embedded WebApplicationContext
2020-12-06 03:24:07.089  INFO 162321 --- [    Test worker] o.s.web.context.ContextLoader            : Root WebApplicationContext: initialization completed in 1833 ms
2020-12-06 03:24:07.199  INFO 162321 --- [    Test worker] com.zaxxer.hikari.HikariDataSource       : HikariPool-1 - Starting...
2020-12-06 03:24:07.350  INFO 162321 --- [    Test worker] com.zaxxer.hikari.HikariDataSource       : HikariPool-1 - Start completed.
2020-12-06 03:24:07.357  INFO 162321 --- [    Test worker] o.s.b.a.h2.H2ConsoleAutoConfiguration    : H2 console available at '/h2-console'. Database available at 'jdbc:h2:file:~/quizzesdb'
2020-12-06 03:24:07.585  INFO 162321 --- [    Test worker] o.hibernate.jpa.internal.util.LogHelper  : HHH000204: Processing PersistenceUnitInfo [name: default]
2020-12-06 03:24:07.643  INFO 162321 --- [    Test worker] org.hibernate.Version                    : HHH000412: Hibernate Core {5.4.9.Final}
2020-12-06 03:24:07.744  INFO 162321 --- [    Test worker] o.hibernate.annotations.common.Version   : HCANN000001: Hibernate Commons Annotations {5.1.0.Final}
2020-12-06 03:24:07.824  INFO 162321 --- [    Test worker] org.hibernate.dialect.Dialect            : HHH000400: Using dialect: org.hibernate.dialect.H2Dialect
Hibernate: create table completion (id integer generated by default as identity, quiz_id integer not null, time timestamp not null, user_id integer not null, primary key (id))
Hibernate: create table quiz (id integer not null, author varchar(255), text varchar(255), title varchar(255), primary key (id))
Hibernate: create table quiz_answer (quiz_id integer not null, answer integer)
Hibernate: create table quiz_options (quiz_id integer not null, options varchar(255))
Hibernate: create table users (id integer not null, email varchar(255), password varchar(255), primary key (id))
Hibernate: create sequence hibernate_sequence start with 1 increment by 1
Hibernate: alter table completion add constraint FKkeu9g3gnp7ekwq6lqjnkjyhh7 foreign key (user_id) references users
Hibernate: alter table quiz_answer add constraint FKoxi2td1x8cc3y4a0vlsg2hfnc foreign key (quiz_id) references quiz
Hibernate: alter table quiz_options add constraint FKsx28j7orq6asg17veq9nblhw8 foreign key (quiz_id) references quiz
2020-12-06 03:24:08.588  INFO 162321 --- [    Test worker] o.h.e.t.j.p.i.JtaPlatformInitiator       : HHH000490: Using JtaPlatform implementation: [org.hibernate.engine.transaction.jta.platform.internal.NoJtaPlatform]
2020-12-06 03:24:08.595  INFO 162321 --- [    Test worker] j.LocalContainerEntityManagerFactoryBean : Initialized JPA EntityManagerFactory for persistence unit 'default'
2020-12-06 03:24:08.906  WARN 162321 --- [    Test worker] JpaBaseConfiguration$JpaWebConfiguration : spring.jpa.open-in-view is enabled by default. Therefore, database queries may be performed during view rendering. Explicitly configure spring.jpa.open-in-view to disable this warning
2020-12-06 03:24:09.045  INFO 162321 --- [    Test worker] o.s.s.web.DefaultSecurityFilterChain     : Creating filter chain: any request, [org.springframework.security.web.context.request.async.WebAsyncManagerIntegrationFilter@623651f, org.springframework.security.web.context.SecurityContextPersistenceFilter@7b17bc4a, org.springframework.security.web.header.HeaderWriterFilter@62320b62, org.springframework.security.web.authentication.logout.LogoutFilter@10016047, org.springframework.security.web.authentication.www.BasicAuthenticationFilter@3c8f63f5, org.springframework.security.web.savedrequest.RequestCacheAwareFilter@641154de, org.springframework.security.web.servletapi.SecurityContextHolderAwareRequestFilter@210504dd, org.springframework.security.web.authentication.AnonymousAuthenticationFilter@77f84807, org.springframework.security.web.session.SessionManagementFilter@5e28e18a, org.springframework.security.web.access.ExceptionTranslationFilter@f03bf95, org.springframework.security.web.access.intercept.FilterSecurityInterceptor@1f78ad0e]
2020-12-06 03:24:09.159  INFO 162321 --- [    Test worker] o.s.s.concurrent.ThreadPoolTaskExecutor  : Initializing ExecutorService 'applicationTaskExecutor'
2020-12-06 03:24:09.441  INFO 162321 --- [    Test worker] o.s.b.a.e.web.EndpointLinksResolver      : Exposing 14 endpoint(s) beneath base path '/actuator'
2020-12-06 03:24:09.497  INFO 162321 --- [    Test worker] o.s.b.w.embedded.tomcat.TomcatWebServer  : Tomcat started on port(s): 8889 (http) with context path ''
2020-12-06 03:24:09.500  INFO 162321 --- [    Test worker] engine.WebQuizEngine                     : Started WebQuizEngine in 4.664 seconds (JVM running for 5.384)
2020-12-06 03:24:09.825  INFO 162321 --- [nio-8889-exec-1] o.a.c.c.C.[Tomcat].[localhost].[/]       : Initializing Spring DispatcherServlet 'dispatcherServlet'
2020-12-06 03:24:09.826  INFO 162321 --- [nio-8889-exec-1] o.s.web.servlet.DispatcherServlet        : Initializing Servlet 'dispatcherServlet'
2020-12-06 03:24:09.832  INFO 162321 --- [nio-8889-exec-1] o.s.web.servlet.DispatcherServlet        : Completed initialization in 6 ms
Hibernate: select user0_.id as col_0_0_ from users user0_ where user0_.email=? limit ?
Hibernate: call next value for hibernate_sequence
Hibernate: insert into users (email, password, id) values (?, ?, ?)
?[1;31m
Start test 2?[0m
Hibernate: select user0_.id as col_0_0_ from users user0_ where user0_.email=? limit ?
Hibernate: call next value for hibernate_sequence
Hibernate: insert into users (email, password, id) values (?, ?, ?)
?[1;31m
Start test 3?[0m
?[1;31m
Start test 4?[0m
?[1;31m
Start test 5?[0m
Hibernate: select user0_.id as col_0_0_ from users user0_ where user0_.email=? limit ?
?[1;31m
Start test 6?[0m
?[1;31m
Start test 7?[0m
?[1;31m
Start test 8?[0m
Hibernate: select user0_.id as id1_4_, user0_.email as email2_4_, user0_.password as password3_4_ from users user0_ where user0_.email=?
Hibernate: select quiz0_.id as id1_1_, quiz0_.author as author2_1_, quiz0_.text as text3_1_, quiz0_.title as title4_1_ from quiz quiz0_ order by quiz0_.id asc limit ?
?[1;31m
Start test 9?[0m
Hibernate: select user0_.id as id1_4_, user0_.email as email2_4_, user0_.password as password3_4_ from users user0_ where user0_.email=?
Hibernate: select quiz0_.id as id1_1_, quiz0_.author as author2_1_, quiz0_.text as text3_1_, quiz0_.title as title4_1_ from quiz quiz0_ order by quiz0_.id asc limit ?
?[1;31m
Start test 10?[0m
Hibernate: select user0_.id as id1_4_, user0_.email as email2_4_, user0_.password as password3_4_ from users user0_ where user0_.email=?
Hibernate: call next value for hibernate_sequence
Hibernate: insert into quiz (author, text, title, id) values (?, ?, ?, ?)
Hibernate: insert into quiz_answer (quiz_id, answer) values (?, ?)
Hibernate: insert into quiz_options (quiz_id, options) values (?, ?)
Hibernate: insert into quiz_options (quiz_id, options) values (?, ?)
Hibernate: insert into quiz_options (quiz_id, options) values (?, ?)
Hibernate: insert into quiz_options (quiz_id, options) values (?, ?)
?[1;31m
Start test 11?[0m
Hibernate: select user0_.id as id1_4_, user0_.email as email2_4_, user0_.password as password3_4_ from users user0_ where user0_.email=?
Hibernate: select quiz0_.id as id1_1_0_, quiz0_.author as author2_1_0_, quiz0_.text as text3_1_0_, quiz0_.title as title4_1_0_ from quiz quiz0_ where quiz0_.id=?
user@google.com
Hibernate: select options0_.quiz_id as quiz_id1_3_0_, options0_.options as options2_3_0_ from quiz_options options0_ where options0_.quiz_id=?
?[1;31m
Start test 12?[0m
Hibernate: select user0_.id as id1_4_, user0_.email as email2_4_, user0_.password as password3_4_ from users user0_ where user0_.email=?
Hibernate: select quiz0_.id as id1_1_0_, quiz0_.author as author2_1_0_, quiz0_.text as text3_1_0_, quiz0_.title as title4_1_0_ from quiz quiz0_ where quiz0_.id=?
?[1;31m
Start test 13?[0m
Hibernate: select user0_.id as id1_4_, user0_.email as email2_4_, user0_.password as password3_4_ from users user0_ where user0_.email=?
Hibernate: select quiz0_.id as id1_1_, quiz0_.author as author2_1_, quiz0_.text as text3_1_, quiz0_.title as title4_1_ from quiz quiz0_ order by quiz0_.id asc limit ?
Hibernate: select options0_.quiz_id as quiz_id1_3_0_, options0_.options as options2_3_0_ from quiz_options options0_ where options0_.quiz_id=?
?[1;31m
Start test 14?[0m
Hibernate: select user0_.id as id1_4_, user0_.email as email2_4_, user0_.password as password3_4_ from users user0_ where user0_.email=?
Hibernate: call next value for hibernate_sequence
Hibernate: insert into quiz (author, text, title, id) values (?, ?, ?, ?)
Hibernate: insert into quiz_answer (quiz_id, answer) values (?, ?)
Hibernate: insert into quiz_options (quiz_id, options) values (?, ?)
Hibernate: insert into quiz_options (quiz_id, options) values (?, ?)
Hibernate: insert into quiz_options (quiz_id, options) values (?, ?)
Hibernate: insert into quiz_options (quiz_id, options) values (?, ?)
?[1;31m
Start test 15?[0m
Hibernate: select user0_.id as id1_4_, user0_.email as email2_4_, user0_.password as password3_4_ from users user0_ where user0_.email=?
Hibernate: select quiz0_.id as id1_1_0_, quiz0_.author as author2_1_0_, quiz0_.text as text3_1_0_, quiz0_.title as title4_1_0_ from quiz quiz0_ where quiz0_.id=?
user@google.com
Hibernate: select options0_.quiz_id as quiz_id1_3_0_, options0_.options as options2_3_0_ from quiz_options options0_ where options0_.quiz_id=?
?[1;31m
Start test 16?[0m
Hibernate: select user0_.id as id1_4_, user0_.email as email2_4_, user0_.password as password3_4_ from users user0_ where user0_.email=?
Hibernate: select quiz0_.id as id1_1_0_, quiz0_.author as author2_1_0_, quiz0_.text as text3_1_0_, quiz0_.title as title4_1_0_ from quiz quiz0_ where quiz0_.id=?
?[1;31m
Start test 17?[0m
Hibernate: select user0_.id as id1_4_, user0_.email as email2_4_, user0_.password as password3_4_ from users user0_ where user0_.email=?
Hibernate: select quiz0_.id as id1_1_, quiz0_.author as author2_1_, quiz0_.text as text3_1_, quiz0_.title as title4_1_ from quiz quiz0_ order by quiz0_.id asc limit ?
Hibernate: select options0_.quiz_id as quiz_id1_3_0_, options0_.options as options2_3_0_ from quiz_options options0_ where options0_.quiz_id=?
Hibernate: select options0_.quiz_id as quiz_id1_3_0_, options0_.options as options2_3_0_ from quiz_options options0_ where options0_.quiz_id=?
?[1;31m
Start test 18?[0m
?[1;31m
Start test 19?[0m
?[1;31m
Start test 20?[0m
?[1;31m
Start test 21?[0m
?[1;31m
Start test 22?[0m
?[1;31m
Start test 23?[0m
?[1;31m
Start test 24?[0m
?[1;31m
Start test 25?[0m
?[1;31m
Start test 26?[0m
Hibernate: select user0_.id as id1_4_, user0_.email as email2_4_, user0_.password as password3_4_ from users user0_ where user0_.email=?
?[1;31m
Start test 27?[0m
Hibernate: select user0_.id as id1_4_, user0_.email as email2_4_, user0_.password as password3_4_ from users user0_ where user0_.email=?
?[1;31m
Start test 28?[0m
Hibernate: select user0_.id as id1_4_, user0_.email as email2_4_, user0_.password as password3_4_ from users user0_ where user0_.email=?
?[1;31m
Start test 29?[0m
Hibernate: select user0_.id as id1_4_, user0_.email as email2_4_, user0_.password as password3_4_ from users user0_ where user0_.email=?
?[1;31m
Start test 30?[0m
Hibernate: select user0_.id as id1_4_, user0_.email as email2_4_, user0_.password as password3_4_ from users user0_ where user0_.email=?
?[1;31m
Start test 31?[0m
Hibernate: select user0_.id as id1_4_, user0_.email as email2_4_, user0_.password as password3_4_ from users user0_ where user0_.email=?
?[1;31m
Start test 32?[0m
Hibernate: select user0_.id as id1_4_, user0_.email as email2_4_, user0_.password as password3_4_ from users user0_ where user0_.email=?
?[1;31m
Start test 33?[0m
Hibernate: select user0_.id as id1_4_, user0_.email as email2_4_, user0_.password as password3_4_ from users user0_ where user0_.email=?
?[1;31m
Start test 34?[0m
Hibernate: select user0_.id as id1_4_, user0_.email as email2_4_, user0_.password as password3_4_ from users user0_ where user0_.email=?
Hibernate: select quiz0_.id as id1_1_0_, quiz0_.author as author2_1_0_, quiz0_.text as text3_1_0_, quiz0_.title as title4_1_0_ from quiz quiz0_ where quiz0_.id=?
Hibernate: select user0_.id as id1_4_, user0_.email as email2_4_, user0_.password as password3_4_ from users user0_ where user0_.email=?
Hibernate: select answer0_.quiz_id as quiz_id1_2_0_, answer0_.answer as answer2_2_0_ from quiz_answer answer0_ where answer0_.quiz_id=?
?[1;31m
Start test 35?[0m
Hibernate: select user0_.id as id1_4_, user0_.email as email2_4_, user0_.password as password3_4_ from users user0_ where user0_.email=?
Hibernate: select quiz0_.id as id1_1_0_, quiz0_.author as author2_1_0_, quiz0_.text as text3_1_0_, quiz0_.title as title4_1_0_ from quiz quiz0_ where quiz0_.id=?
Hibernate: select user0_.id as id1_4_, user0_.email as email2_4_, user0_.password as password3_4_ from users user0_ where user0_.email=?
Hibernate: select answer0_.quiz_id as quiz_id1_2_0_, answer0_.answer as answer2_2_0_ from quiz_answer answer0_ where answer0_.quiz_id=?
?[1;31m
Start test 36?[0m
Hibernate: select user0_.id as id1_4_, user0_.email as email2_4_, user0_.password as password3_4_ from users user0_ where user0_.email=?
Hibernate: select quiz0_.id as id1_1_0_, quiz0_.author as author2_1_0_, quiz0_.text as text3_1_0_, quiz0_.title as title4_1_0_ from quiz quiz0_ where quiz0_.id=?
Hibernate: select user0_.id as id1_4_, user0_.email as email2_4_, user0_.password as password3_4_ from users user0_ where user0_.email=?
Hibernate: select answer0_.quiz_id as quiz_id1_2_0_, answer0_.answer as answer2_2_0_ from quiz_answer answer0_ where answer0_.quiz_id=?
Hibernate: insert into completion (id, quiz_id, time, user_id) values (null, ?, ?, ?)
?[1;31m
Start test 37?[0m
Hibernate: select user0_.id as id1_4_, user0_.email as email2_4_, user0_.password as password3_4_ from users user0_ where user0_.email=?
Hibernate: select quiz0_.id as id1_1_0_, quiz0_.author as author2_1_0_, quiz0_.text as text3_1_0_, quiz0_.title as title4_1_0_ from quiz quiz0_ where quiz0_.id=?
Hibernate: select user0_.id as id1_4_, user0_.email as email2_4_, user0_.password as password3_4_ from users user0_ where user0_.email=?
Hibernate: select answer0_.quiz_id as quiz_id1_2_0_, answer0_.answer as answer2_2_0_ from quiz_answer answer0_ where answer0_.quiz_id=?
?[1;31m
Start test 38?[0m
Hibernate: select user0_.id as id1_4_, user0_.email as email2_4_, user0_.password as password3_4_ from users user0_ where user0_.email=?
Hibernate: select quiz0_.id as id1_1_0_, quiz0_.author as author2_1_0_, quiz0_.text as text3_1_0_, quiz0_.title as title4_1_0_ from quiz quiz0_ where quiz0_.id=?
Hibernate: select user0_.id as id1_4_, user0_.email as email2_4_, user0_.password as password3_4_ from users user0_ where user0_.email=?
Hibernate: select answer0_.quiz_id as quiz_id1_2_0_, answer0_.answer as answer2_2_0_ from quiz_answer answer0_ where answer0_.quiz_id=?
?[1;31m
Start test 39?[0m
Hibernate: select user0_.id as id1_4_, user0_.email as email2_4_, user0_.password as password3_4_ from users user0_ where user0_.email=?
Hibernate: select quiz0_.id as id1_1_0_, quiz0_.author as author2_1_0_, quiz0_.text as text3_1_0_, quiz0_.title as title4_1_0_ from quiz quiz0_ where quiz0_.id=?
Hibernate: select user0_.id as id1_4_, user0_.email as email2_4_, user0_.password as password3_4_ from users user0_ where user0_.email=?
Hibernate: select answer0_.quiz_id as quiz_id1_2_0_, answer0_.answer as answer2_2_0_ from quiz_answer answer0_ where answer0_.quiz_id=?
Hibernate: insert into completion (id, quiz_id, time, user_id) values (null, ?, ?, ?)
?[1;31m
Start test 40?[0m
Hibernate: select user0_.id as id1_4_, user0_.email as email2_4_, user0_.password as password3_4_ from users user0_ where user0_.email=?
Hibernate: select quiz0_.id as id1_1_0_, quiz0_.author as author2_1_0_, quiz0_.text as text3_1_0_, quiz0_.title as title4_1_0_ from quiz quiz0_ where quiz0_.id=?
Hibernate: select user0_.id as id1_4_, user0_.email as email2_4_, user0_.password as password3_4_ from users user0_ where user0_.email=?
Hibernate: select answer0_.quiz_id as quiz_id1_2_0_, answer0_.answer as answer2_2_0_ from quiz_answer answer0_ where answer0_.quiz_id=?
?[1;31m
Start test 41?[0m
Hibernate: select user0_.id as id1_4_, user0_.email as email2_4_, user0_.password as password3_4_ from users user0_ where user0_.email=?
Hibernate: select quiz0_.id as id1_1_0_, quiz0_.author as author2_1_0_, quiz0_.text as text3_1_0_, quiz0_.title as title4_1_0_ from quiz quiz0_ where quiz0_.id=?
Hibernate: select user0_.id as id1_4_, user0_.email as email2_4_, user0_.password as password3_4_ from users user0_ where user0_.email=?
Hibernate: select answer0_.quiz_id as quiz_id1_2_0_, answer0_.answer as answer2_2_0_ from quiz_answer answer0_ where answer0_.quiz_id=?
?[1;31m
Start test 42?[0m
Hibernate: select user0_.id as id1_4_, user0_.email as email2_4_, user0_.password as password3_4_ from users user0_ where user0_.email=?
Hibernate: select user0_.id as id1_4_, user0_.email as email2_4_, user0_.password as password3_4_ from users user0_ where user0_.email=?
Hibernate: select completion0_.id as id1_0_, completion0_.quiz_id as quiz_id2_0_, completion0_.time as time3_0_, completion0_.user_id as user_id4_0_ from completion completion0_ where completion0_.user_id=? order by completion0_.time desc limit ?
?[1;31m
Start test 43?[0m
Hibernate: select user0_.id as id1_4_, user0_.email as email2_4_, user0_.password as password3_4_ from users user0_ where user0_.email=?
Hibernate: select user0_.id as id1_4_, user0_.email as email2_4_, user0_.password as password3_4_ from users user0_ where user0_.email=?
Hibernate: select completion0_.id as id1_0_, completion0_.quiz_id as quiz_id2_0_, completion0_.time as time3_0_, completion0_.user_id as user_id4_0_ from completion completion0_ where completion0_.user_id=? order by completion0_.time desc limit ?
?[1;31m
Start test 44?[0m
Hibernate: select user0_.id as id1_4_, user0_.email as email2_4_, user0_.password as password3_4_ from users user0_ where user0_.email=?
Hibernate: select quiz0_.id as id1_1_, quiz0_.author as author2_1_, quiz0_.text as text3_1_, quiz0_.title as title4_1_ from quiz quiz0_ order by quiz0_.id asc limit ?
Hibernate: select options0_.quiz_id as quiz_id1_3_0_, options0_.options as options2_3_0_ from quiz_options options0_ where options0_.quiz_id=?
Hibernate: select options0_.quiz_id as quiz_id1_3_0_, options0_.options as options2_3_0_ from quiz_options options0_ where options0_.quiz_id=?
?[1;31m
Start test 45?[0m
Hibernate: select user0_.id as id1_4_, user0_.email as email2_4_, user0_.password as password3_4_ from users user0_ where user0_.email=?
Hibernate: select quiz0_.id as id1_1_, quiz0_.author as author2_1_, quiz0_.text as text3_1_, quiz0_.title as title4_1_ from quiz quiz0_ order by quiz0_.id asc limit ?
Hibernate: select options0_.quiz_id as quiz_id1_3_0_, options0_.options as options2_3_0_ from quiz_options options0_ where options0_.quiz_id=?
Hibernate: select options0_.quiz_id as quiz_id1_3_0_, options0_.options as options2_3_0_ from quiz_options options0_ where options0_.quiz_id=?
?[1;31m
Start test 46?[0m
2020-12-06 03:24:12.917  INFO 162321 --- [       Thread-6] o.s.s.concurrent.ThreadPoolTaskExecutor  : Shutting down ExecutorService 'applicationTaskExecutor'
2020-12-06 03:24:12.921  INFO 162321 --- [       Thread-6] j.LocalContainerEntityManagerFactoryBean : Closing JPA EntityManagerFactory for persistence unit 'default'
2020-12-06 03:24:12.925  INFO 162321 --- [       Thread-6] com.zaxxer.hikari.HikariDataSource       : HikariPool-1 - Shutdown initiated...
2020-12-06 03:24:13.006  INFO 162321 --- [       Thread-6] com.zaxxer.hikari.HikariDataSource       : HikariPool-1 - Shutdown completed.

  .   ____          _            __ _ _
 /\\ / ___'_ __ _ _(_)_ __  __ _ \ \ \ \
( ( )\___ | '_ | '_| | '_ \/ _` | \ \ \ \
 \\/  ___)| |_)| | | | | || (_| |  ) ) ) )
  '  |____| .__|_| |_|_| |_\__, | / / / /
 =========|_|==============|___/=/_/_/_/
 :: Spring Boot ::        (v2.2.2.RELEASE)

2020-12-06 03:24:13.035  INFO 162321 --- [    Test worker] engine.WebQuizEngine                     : Starting WebQuizEngine on homei5-G3-3579 with PID 162321 (started by home-i5 in /home/home-i5/IdeaProjects/Web Quiz Engine/Web Quiz Engine/task)
2020-12-06 03:24:13.036  INFO 162321 --- [    Test worker] engine.WebQuizEngine                     : No active profile set, falling back to default profiles: default
2020-12-06 03:24:13.243  INFO 162321 --- [    Test worker] .s.d.r.c.RepositoryConfigurationDelegate : Bootstrapping Spring Data JPA repositories in DEFAULT mode.
2020-12-06 03:24:13.248  INFO 162321 --- [    Test worker] .s.d.r.c.RepositoryConfigurationDelegate : Finished Spring Data repository scanning in 5ms. Found 3 JPA repository interfaces.
2020-12-06 03:24:13.313  INFO 162321 --- [    Test worker] trationDelegate$BeanPostProcessorChecker : Bean 'org.springframework.transaction.annotation.ProxyTransactionManagementConfiguration' of type [org.springframework.transaction.annotation.ProxyTransactionManagementConfiguration] is not eligible for getting processed by all BeanPostProcessors (for example: not eligible for auto-proxying)
2020-12-06 03:24:13.350  WARN 162321 --- [    Test worker] org.apache.tomcat.util.modeler.Registry  : The MBean registry cannot be disabled because it has already been initialised
2020-12-06 03:24:13.351  INFO 162321 --- [    Test worker] o.s.b.w.embedded.tomcat.TomcatWebServer  : Tomcat initialized with port(s): 8889 (http)
2020-12-06 03:24:13.352  INFO 162321 --- [    Test worker] o.apache.catalina.core.StandardService   : Starting service [Tomcat]
2020-12-06 03:24:13.352  INFO 162321 --- [    Test worker] org.apache.catalina.core.StandardEngine  : Starting Servlet engine: [Apache Tomcat/9.0.29]
2020-12-06 03:24:13.364  INFO 162321 --- [    Test worker] o.a.c.c.C.[Tomcat].[localhost].[/]       : Initializing Spring embedded WebApplicationContext
2020-12-06 03:24:13.364  INFO 162321 --- [    Test worker] o.s.web.context.ContextLoader            : Root WebApplicationContext: initialization completed in 326 ms
2020-12-06 03:24:13.400  INFO 162321 --- [    Test worker] com.zaxxer.hikari.HikariDataSource       : HikariPool-2 - Starting...
2020-12-06 03:24:13.407  INFO 162321 --- [    Test worker] com.zaxxer.hikari.HikariDataSource       : HikariPool-2 - Start completed.
2020-12-06 03:24:13.407  INFO 162321 --- [    Test worker] o.s.b.a.h2.H2ConsoleAutoConfiguration    : H2 console available at '/h2-console'. Database available at 'jdbc:h2:file:~/quizzesdb'
2020-12-06 03:24:13.473  INFO 162321 --- [    Test worker] o.hibernate.jpa.internal.util.LogHelper  : HHH000204: Processing PersistenceUnitInfo [name: default]
2020-12-06 03:24:13.476  INFO 162321 --- [    Test worker] org.hibernate.dialect.Dialect            : HHH000400: Using dialect: org.hibernate.dialect.H2Dialect
2020-12-06 03:24:13.588  INFO 162321 --- [    Test worker] o.h.e.t.j.p.i.JtaPlatformInitiator       : HHH000490: Using JtaPlatform implementation: [org.hibernate.engine.transaction.jta.platform.internal.NoJtaPlatform]
2020-12-06 03:24:13.589  INFO 162321 --- [    Test worker] j.LocalContainerEntityManagerFactoryBean : Initialized JPA EntityManagerFactory for persistence unit 'default'
2020-12-06 03:24:13.655  WARN 162321 --- [    Test worker] JpaBaseConfiguration$JpaWebConfiguration : spring.jpa.open-in-view is enabled by default. Therefore, database queries may be performed during view rendering. Explicitly configure spring.jpa.open-in-view to disable this warning
2020-12-06 03:24:13.684  INFO 162321 --- [    Test worker] o.s.s.web.DefaultSecurityFilterChain     : Creating filter chain: any request, [org.springframework.security.web.context.request.async.WebAsyncManagerIntegrationFilter@780383f3, org.springframework.security.web.context.SecurityContextPersistenceFilter@2f540693, org.springframework.security.web.header.HeaderWriterFilter@18591e05, org.springframework.security.web.authentication.logout.LogoutFilter@6c847ceb, org.springframework.security.web.authentication.www.BasicAuthenticationFilter@370efa37, org.springframework.security.web.savedrequest.RequestCacheAwareFilter@5481ea16, org.springframework.security.web.servletapi.SecurityContextHolderAwareRequestFilter@4787fb5, org.springframework.security.web.authentication.AnonymousAuthenticationFilter@4530500e, org.springframework.security.web.session.SessionManagementFilter@2ed925a4, org.springframework.security.web.access.ExceptionTranslationFilter@639317b8, org.springframework.security.web.access.intercept.FilterSecurityInterceptor@797851a9]
2020-12-06 03:24:13.720  INFO 162321 --- [    Test worker] o.s.s.concurrent.ThreadPoolTaskExecutor  : Initializing ExecutorService 'applicationTaskExecutor'
2020-12-06 03:24:13.793  INFO 162321 --- [    Test worker] o.s.b.a.e.web.EndpointLinksResolver      : Exposing 14 endpoint(s) beneath base path '/actuator'
2020-12-06 03:24:13.809  INFO 162321 --- [    Test worker] o.s.b.w.embedded.tomcat.TomcatWebServer  : Tomcat started on port(s): 8889 (http) with context path ''
2020-12-06 03:24:13.810  INFO 162321 --- [    Test worker] engine.WebQuizEngine                     : Started WebQuizEngine in 0.794 seconds (JVM running for 9.695)
?[1;31m
Start test 47?[0m
2020-12-06 03:24:13.814  INFO 162321 --- [nio-8889-exec-1] o.a.c.c.C.[Tomcat].[localhost].[/]       : Initializing Spring DispatcherServlet 'dispatcherServlet'
2020-12-06 03:24:13.814  INFO 162321 --- [nio-8889-exec-1] o.s.web.servlet.DispatcherServlet        : Initializing Servlet 'dispatcherServlet'
2020-12-06 03:24:13.816  INFO 162321 --- [nio-8889-exec-1] o.s.web.servlet.DispatcherServlet        : Completed initialization in 2 ms
Hibernate: select user0_.id as id1_4_, user0_.email as email2_4_, user0_.password as password3_4_ from users user0_ where user0_.email=?
Hibernate: select quiz0_.id as id1_1_, quiz0_.author as author2_1_, quiz0_.text as text3_1_, quiz0_.title as title4_1_ from quiz quiz0_ order by quiz0_.id asc limit ?
Hibernate: select options0_.quiz_id as quiz_id1_3_0_, options0_.options as options2_3_0_ from quiz_options options0_ where options0_.quiz_id=?
Hibernate: select options0_.quiz_id as quiz_id1_3_0_, options0_.options as options2_3_0_ from quiz_options options0_ where options0_.quiz_id=?
?[1;31m
Start test 48?[0m
Hibernate: select user0_.id as id1_4_, user0_.email as email2_4_, user0_.password as password3_4_ from users user0_ where user0_.email=?
Hibernate: select quiz0_.id as id1_1_, quiz0_.author as author2_1_, quiz0_.text as text3_1_, quiz0_.title as title4_1_ from quiz quiz0_ order by quiz0_.id asc limit ?
Hibernate: select options0_.quiz_id as quiz_id1_3_0_, options0_.options as options2_3_0_ from quiz_options options0_ where options0_.quiz_id=?
Hibernate: select options0_.quiz_id as quiz_id1_3_0_, options0_.options as options2_3_0_ from quiz_options options0_ where options0_.quiz_id=?
?[1;31m
Start test 49?[0m
Hibernate: select user0_.id as id1_4_, user0_.email as email2_4_, user0_.password as password3_4_ from users user0_ where user0_.email=?
Hibernate: select quiz0_.id as id1_1_0_, quiz0_.author as author2_1_0_, quiz0_.text as text3_1_0_, quiz0_.title as title4_1_0_ from quiz quiz0_ where quiz0_.id=?
Hibernate: select user0_.id as id1_4_, user0_.email as email2_4_, user0_.password as password3_4_ from users user0_ where user0_.email=?
Hibernate: select answer0_.quiz_id as quiz_id1_2_0_, answer0_.answer as answer2_2_0_ from quiz_answer answer0_ where answer0_.quiz_id=?
Hibernate: insert into completion (id, quiz_id, time, user_id) values (null, ?, ?, ?)
?[1;31m
Start test 50?[0m
Hibernate: select user0_.id as id1_4_, user0_.email as email2_4_, user0_.password as password3_4_ from users user0_ where user0_.email=?
Hibernate: select quiz0_.id as id1_1_0_, quiz0_.author as author2_1_0_, quiz0_.text as text3_1_0_, quiz0_.title as title4_1_0_ from quiz quiz0_ where quiz0_.id=?
Hibernate: select user0_.id as id1_4_, user0_.email as email2_4_, user0_.password as password3_4_ from users user0_ where user0_.email=?
Hibernate: select answer0_.quiz_id as quiz_id1_2_0_, answer0_.answer as answer2_2_0_ from quiz_answer answer0_ where answer0_.quiz_id=?
?[1;31m
Start test 51?[0m
Hibernate: select user0_.id as id1_4_, user0_.email as email2_4_, user0_.password as password3_4_ from users user0_ where user0_.email=?
Hibernate: select quiz0_.id as id1_1_0_, quiz0_.author as author2_1_0_, quiz0_.text as text3_1_0_, quiz0_.title as title4_1_0_ from quiz quiz0_ where quiz0_.id=?
Hibernate: select user0_.id as id1_4_, user0_.email as email2_4_, user0_.password as password3_4_ from users user0_ where user0_.email=?
Hibernate: select answer0_.quiz_id as quiz_id1_2_0_, answer0_.answer as answer2_2_0_ from quiz_answer answer0_ where answer0_.quiz_id=?
?[1;31m
Start test 52?[0m
Hibernate: select user0_.id as id1_4_, user0_.email as email2_4_, user0_.password as password3_4_ from users user0_ where user0_.email=?
Hibernate: select quiz0_.id as id1_1_0_, quiz0_.author as author2_1_0_, quiz0_.text as text3_1_0_, quiz0_.title as title4_1_0_ from quiz quiz0_ where quiz0_.id=?
Hibernate: select user0_.id as id1_4_, user0_.email as email2_4_, user0_.password as password3_4_ from users user0_ where user0_.email=?
Hibernate: select answer0_.quiz_id as quiz_id1_2_0_, answer0_.answer as answer2_2_0_ from quiz_answer answer0_ where answer0_.quiz_id=?
Hibernate: insert into completion (id, quiz_id, time, user_id) values (null, ?, ?, ?)
?[1;31m
Start test 53?[0m
Hibernate: select user0_.id as id1_4_, user0_.email as email2_4_, user0_.password as password3_4_ from users user0_ where user0_.email=?
Hibernate: select user0_.id as id1_4_, user0_.email as email2_4_, user0_.password as password3_4_ from users user0_ where user0_.email=?
Hibernate: select completion0_.id as id1_0_, completion0_.quiz_id as quiz_id2_0_, completion0_.time as time3_0_, completion0_.user_id as user_id4_0_ from completion completion0_ where completion0_.user_id=? order by completion0_.time desc limit ?
?[1;31m
Start test 54?[0m
Hibernate: select user0_.id as id1_4_, user0_.email as email2_4_, user0_.password as password3_4_ from users user0_ where user0_.email=?
Hibernate: select user0_.id as id1_4_, user0_.email as email2_4_, user0_.password as password3_4_ from users user0_ where user0_.email=?
Hibernate: select completion0_.id as id1_0_, completion0_.quiz_id as quiz_id2_0_, completion0_.time as time3_0_, completion0_.user_id as user_id4_0_ from completion completion0_ where completion0_.user_id=? order by completion0_.time desc limit ?
?[1;31m
Start test 55?[0m
Hibernate: select user0_.id as id1_4_, user0_.email as email2_4_, user0_.password as password3_4_ from users user0_ where user0_.email=?
Hibernate: select user0_.id as id1_4_, user0_.email as email2_4_, user0_.password as password3_4_ from users user0_ where user0_.email=?
Hibernate: select completion0_.id as id1_0_, completion0_.quiz_id as quiz_id2_0_, completion0_.time as time3_0_, completion0_.user_id as user_id4_0_ from completion completion0_ where completion0_.user_id=? order by completion0_.time desc limit ?
?[1;31m
Start test 56?[0m
Hibernate: select user0_.id as id1_4_, user0_.email as email2_4_, user0_.password as password3_4_ from users user0_ where user0_.email=?
Hibernate: select user0_.id as id1_4_, user0_.email as email2_4_, user0_.password as password3_4_ from users user0_ where user0_.email=?
Hibernate: select completion0_.id as id1_0_, completion0_.quiz_id as quiz_id2_0_, completion0_.time as time3_0_, completion0_.user_id as user_id4_0_ from completion completion0_ where completion0_.user_id=? order by completion0_.time desc limit ?
?[1;31m
Start test 57?[0m
Hibernate: select user0_.id as id1_4_, user0_.email as email2_4_, user0_.password as password3_4_ from users user0_ where user0_.email=?
2020-12-06 03:24:14.714  WARN 162321 --- [nio-8889-exec-1] .w.s.m.s.DefaultHandlerExceptionResolver : Resolved [org.springframework.http.converter.HttpMessageNotReadableException: JSON parse error: Unexpected character ('"' (code 34)): was expecting comma to separate Object entries; nested exception is com.fasterxml.jackson.core.JsonParseException: Unexpected character ('"' (code 34)): was expecting comma to separate Object entries
 at [Source: (PushbackInputStream); line: 4, column: 4]]
?[1;31m
Start test 58?[0m
Hibernate: select user0_.id as id1_4_, user0_.email as email2_4_, user0_.password as password3_4_ from users user0_ where user0_.email=?
2020-12-06 03:24:14.788  WARN 162321 --- [nio-8889-exec-2] .w.s.m.s.DefaultHandlerExceptionResolver : Resolved [org.springframework.http.converter.HttpMessageNotReadableException: JSON parse error: Unexpected character ('"' (code 34)): was expecting comma to separate Object entries; nested exception is com.fasterxml.jackson.core.JsonParseException: Unexpected character ('"' (code 34)): was expecting comma to separate Object entries
 at [Source: (PushbackInputStream); line: 5, column: 4]]
?[1;31m
Start test 59?[0m
Hibernate: select user0_.id as id1_4_, user0_.email as email2_4_, user0_.password as password3_4_ from users user0_ where user0_.email=?
2020-12-06 03:24:14.865  WARN 162321 --- [nio-8889-exec-3] .w.s.m.s.DefaultHandlerExceptionResolver : Resolved [org.springframework.http.converter.HttpMessageNotReadableException: JSON parse error: Unexpected character ('"' (code 34)): was expecting comma to separate Object entries; nested exception is com.fasterxml.jackson.core.JsonParseException: Unexpected character ('"' (code 34)): was expecting comma to separate Object entries
 at [Source: (PushbackInputStream); line: 4, column: 4]]
?[1;31m
Start test 60?[0m
Hibernate: select user0_.id as id1_4_, user0_.email as email2_4_, user0_.password as password3_4_ from users user0_ where user0_.email=?
2020-12-06 03:24:14.944  WARN 162321 --- [nio-8889-exec-4] .w.s.m.s.DefaultHandlerExceptionResolver : Resolved [org.springframework.http.converter.HttpMessageNotReadableException: JSON parse error: Unexpected character ('"' (code 34)): was expecting comma to separate Object entries; nested exception is com.fasterxml.jackson.core.JsonParseException: Unexpected character ('"' (code 34)): was expecting comma to separate Object entries
 at [Source: (PushbackInputStream); line: 5, column: 4]]
?[1;31m
Start test 61?[0m
Hibernate: select user0_.id as id1_4_, user0_.email as email2_4_, user0_.password as password3_4_ from users user0_ where user0_.email=?
2020-12-06 03:24:15.036  WARN 162321 --- [nio-8889-exec-5] .w.s.m.s.DefaultHandlerExceptionResolver : Resolved [org.springframework.web.bind.MethodArgumentNotValidException: Validation failed for argument [0] in public engine.model.Quiz engine.controller.QuizController.addQuiz(engine.model.Quiz,java.security.Principal): [Field error in object 'quiz' on field 'options': rejected value [null]; codes [NotEmpty.quiz.options,NotEmpty.options,NotEmpty.java.util.List,NotEmpty]; arguments [org.springframework.context.support.DefaultMessageSourceResolvable: codes [quiz.options,options]; arguments []; default message [options]]; default message [options are required]] ]
?[1;31m
Start test 62?[0m
Hibernate: select user0_.id as id1_4_, user0_.email as email2_4_, user0_.password as password3_4_ from users user0_ where user0_.email=?
2020-12-06 03:24:15.121  WARN 162321 --- [nio-8889-exec-6] .w.s.m.s.DefaultHandlerExceptionResolver : Resolved [org.springframework.http.converter.HttpMessageNotReadableException: JSON parse error: Unexpected character ('"' (code 34)): was expecting comma to separate Object entries; nested exception is com.fasterxml.jackson.core.JsonParseException: Unexpected character ('"' (code 34)): was expecting comma to separate Object entries
 at [Source: (PushbackInputStream); line: 5, column: 4]]
?[1;31m
Start test 63?[0m
Hibernate: select user0_.id as id1_4_, user0_.email as email2_4_, user0_.password as password3_4_ from users user0_ where user0_.email=?
2020-12-06 03:24:15.193  WARN 162321 --- [nio-8889-exec-7] .w.s.m.s.DefaultHandlerExceptionResolver : Resolved [org.springframework.http.converter.HttpMessageNotReadableException: JSON parse error: Unexpected character ('"' (code 34)): was expecting comma to separate Object entries; nested exception is com.fasterxml.jackson.core.JsonParseException: Unexpected character ('"' (code 34)): was expecting comma to separate Object entries
 at [Source: (PushbackInputStream); line: 5, column: 4]]
?[1;31m
Start test 64?[0m
Hibernate: select user0_.id as id1_4_, user0_.email as email2_4_, user0_.password as password3_4_ from users user0_ where user0_.email=?
Hibernate: call next value for hibernate_sequence
Hibernate: insert into quiz (author, text, title, id) values (?, ?, ?, ?)
Hibernate: insert into quiz_answer (quiz_id, answer) values (?, ?)
Hibernate: insert into quiz_answer (quiz_id, answer) values (?, ?)
Hibernate: insert into quiz_options (quiz_id, options) values (?, ?)
Hibernate: insert into quiz_options (quiz_id, options) values (?, ?)
Hibernate: insert into quiz_options (quiz_id, options) values (?, ?)
Hibernate: insert into quiz_options (quiz_id, options) values (?, ?)
?[1;31m
Start test 65?[0m
Hibernate: select user0_.id as id1_4_, user0_.email as email2_4_, user0_.password as password3_4_ from users user0_ where user0_.email=?
Hibernate: select quiz0_.id as id1_1_0_, quiz0_.author as author2_1_0_, quiz0_.text as text3_1_0_, quiz0_.title as title4_1_0_ from quiz quiz0_ where quiz0_.id=?
test@google.com
Hibernate: select options0_.quiz_id as quiz_id1_3_0_, options0_.options as options2_3_0_ from quiz_options options0_ where options0_.quiz_id=?
?[1;31m
Start test 66?[0m
Hibernate: select user0_.id as id1_4_, user0_.email as email2_4_, user0_.password as password3_4_ from users user0_ where user0_.email=?
Hibernate: select quiz0_.id as id1_1_0_, quiz0_.author as author2_1_0_, quiz0_.text as text3_1_0_, quiz0_.title as title4_1_0_ from quiz quiz0_ where quiz0_.id=?
?[1;31m
Start test 67?[0m
Hibernate: select user0_.id as id1_4_, user0_.email as email2_4_, user0_.password as password3_4_ from users user0_ where user0_.email=?
Hibernate: select quiz0_.id as id1_1_0_, quiz0_.author as author2_1_0_, quiz0_.text as text3_1_0_, quiz0_.title as title4_1_0_ from quiz quiz0_ where quiz0_.id=?
Hibernate: select user0_.id as id1_4_, user0_.email as email2_4_, user0_.password as password3_4_ from users user0_ where user0_.email=?
Hibernate: select answer0_.quiz_id as quiz_id1_2_0_, answer0_.answer as answer2_2_0_ from quiz_answer answer0_ where answer0_.quiz_id=?
?[1;31m
Start test 68?[0m
Hibernate: select user0_.id as id1_4_, user0_.email as email2_4_, user0_.password as password3_4_ from users user0_ where user0_.email=?
Hibernate: select quiz0_.id as id1_1_0_, quiz0_.author as author2_1_0_, quiz0_.text as text3_1_0_, quiz0_.title as title4_1_0_ from quiz quiz0_ where quiz0_.id=?
Hibernate: select user0_.id as id1_4_, user0_.email as email2_4_, user0_.password as password3_4_ from users user0_ where user0_.email=?
Hibernate: select answer0_.quiz_id as quiz_id1_2_0_, answer0_.answer as answer2_2_0_ from quiz_answer answer0_ where answer0_.quiz_id=?
?[1;31m
Start test 69?[0m
Hibernate: select user0_.id as id1_4_, user0_.email as email2_4_, user0_.password as password3_4_ from users user0_ where user0_.email=?
Hibernate: select quiz0_.id as id1_1_0_, quiz0_.author as author2_1_0_, quiz0_.text as text3_1_0_, quiz0_.title as title4_1_0_ from quiz quiz0_ where quiz0_.id=?
Hibernate: select user0_.id as id1_4_, user0_.email as email2_4_, user0_.password as password3_4_ from users user0_ where user0_.email=?
Hibernate: select answer0_.quiz_id as quiz_id1_2_0_, answer0_.answer as answer2_2_0_ from quiz_answer answer0_ where answer0_.quiz_id=?
?[1;31m
Start test 70?[0m
Hibernate: select user0_.id as id1_4_, user0_.email as email2_4_, user0_.password as password3_4_ from users user0_ where user0_.email=?
Hibernate: select quiz0_.id as id1_1_0_, quiz0_.author as author2_1_0_, quiz0_.text as text3_1_0_, quiz0_.title as title4_1_0_ from quiz quiz0_ where quiz0_.id=?
Hibernate: select user0_.id as id1_4_, user0_.email as email2_4_, user0_.password as password3_4_ from users user0_ where user0_.email=?
Hibernate: select answer0_.quiz_id as quiz_id1_2_0_, answer0_.answer as answer2_2_0_ from quiz_answer answer0_ where answer0_.quiz_id=?
?[1;31m
Start test 71?[0m
Hibernate: select user0_.id as id1_4_, user0_.email as email2_4_, user0_.password as password3_4_ from users user0_ where user0_.email=?
Hibernate: select quiz0_.id as id1_1_0_, quiz0_.author as author2_1_0_, quiz0_.text as text3_1_0_, quiz0_.title as title4_1_0_ from quiz quiz0_ where quiz0_.id=?
Hibernate: select user0_.id as id1_4_, user0_.email as email2_4_, user0_.password as password3_4_ from users user0_ where user0_.email=?
Hibernate: select answer0_.quiz_id as quiz_id1_2_0_, answer0_.answer as answer2_2_0_ from quiz_answer answer0_ where answer0_.quiz_id=?
?[1;31m
Start test 72?[0m
Hibernate: select user0_.id as id1_4_, user0_.email as email2_4_, user0_.password as password3_4_ from users user0_ where user0_.email=?
Hibernate: select quiz0_.id as id1_1_0_, quiz0_.author as author2_1_0_, quiz0_.text as text3_1_0_, quiz0_.title as title4_1_0_ from quiz quiz0_ where quiz0_.id=?
Hibernate: select user0_.id as id1_4_, user0_.email as email2_4_, user0_.password as password3_4_ from users user0_ where user0_.email=?
Hibernate: select answer0_.quiz_id as quiz_id1_2_0_, answer0_.answer as answer2_2_0_ from quiz_answer answer0_ where answer0_.quiz_id=?
Hibernate: insert into completion (id, quiz_id, time, user_id) values (null, ?, ?, ?)
?[1;31m
Start test 73?[0m
Hibernate: select user0_.id as id1_4_, user0_.email as email2_4_, user0_.password as password3_4_ from users user0_ where user0_.email=?
Hibernate: select quiz0_.id as id1_1_0_, quiz0_.author as author2_1_0_, quiz0_.text as text3_1_0_, quiz0_.title as title4_1_0_ from quiz quiz0_ where quiz0_.id=?
Hibernate: select user0_.id as id1_4_, user0_.email as email2_4_, user0_.password as password3_4_ from users user0_ where user0_.email=?
Hibernate: select answer0_.quiz_id as quiz_id1_2_0_, answer0_.answer as answer2_2_0_ from quiz_answer answer0_ where answer0_.quiz_id=?
?[1;31m
Start test 74?[0m
Hibernate: select user0_.id as id1_4_, user0_.email as email2_4_, user0_.password as password3_4_ from users user0_ where user0_.email=?
Hibernate: select quiz0_.id as id1_1_0_, quiz0_.author as author2_1_0_, quiz0_.text as text3_1_0_, quiz0_.title as title4_1_0_ from quiz quiz0_ where quiz0_.id=?
Hibernate: select user0_.id as id1_4_, user0_.email as email2_4_, user0_.password as password3_4_ from users user0_ where user0_.email=?
Hibernate: select answer0_.quiz_id as quiz_id1_2_0_, answer0_.answer as answer2_2_0_ from quiz_answer answer0_ where answer0_.quiz_id=?
?[1;31m
Start test 75?[0m
Hibernate: select user0_.id as id1_4_, user0_.email as email2_4_, user0_.password as password3_4_ from users user0_ where user0_.email=?
Hibernate: select quiz0_.id as id1_1_0_, quiz0_.author as author2_1_0_, quiz0_.text as text3_1_0_, quiz0_.title as title4_1_0_ from quiz quiz0_ where quiz0_.id=?
Hibernate: select user0_.id as id1_4_, user0_.email as email2_4_, user0_.password as password3_4_ from users user0_ where user0_.email=?
Hibernate: select answer0_.quiz_id as quiz_id1_2_0_, answer0_.answer as answer2_2_0_ from quiz_answer answer0_ where answer0_.quiz_id=?
?[1;31m
Start test 76?[0m
Hibernate: select user0_.id as id1_4_, user0_.email as email2_4_, user0_.password as password3_4_ from users user0_ where user0_.email=?
Hibernate: select quiz0_.id as id1_1_0_, quiz0_.author as author2_1_0_, quiz0_.text as text3_1_0_, quiz0_.title as title4_1_0_ from quiz quiz0_ where quiz0_.id=?
Hibernate: select user0_.id as id1_4_, user0_.email as email2_4_, user0_.password as password3_4_ from users user0_ where user0_.email=?
Hibernate: select answer0_.quiz_id as quiz_id1_2_0_, answer0_.answer as answer2_2_0_ from quiz_answer answer0_ where answer0_.quiz_id=?
?[1;31m
Start test 77?[0m
Hibernate: select user0_.id as id1_4_, user0_.email as email2_4_, user0_.password as password3_4_ from users user0_ where user0_.email=?
Hibernate: select quiz0_.id as id1_1_0_, quiz0_.author as author2_1_0_, quiz0_.text as text3_1_0_, quiz0_.title as title4_1_0_ from quiz quiz0_ where quiz0_.id=?
Hibernate: select user0_.id as id1_4_, user0_.email as email2_4_, user0_.password as password3_4_ from users user0_ where user0_.email=?
Hibernate: select answer0_.quiz_id as quiz_id1_2_0_, answer0_.answer as answer2_2_0_ from quiz_answer answer0_ where answer0_.quiz_id=?
?[1;31m
Start test 78?[0m
Hibernate: select user0_.id as id1_4_, user0_.email as email2_4_, user0_.password as password3_4_ from users user0_ where user0_.email=?
Hibernate: select quiz0_.id as id1_1_0_, quiz0_.author as author2_1_0_, quiz0_.text as text3_1_0_, quiz0_.title as title4_1_0_ from quiz quiz0_ where quiz0_.id=?
Hibernate: select user0_.id as id1_4_, user0_.email as email2_4_, user0_.password as password3_4_ from users user0_ where user0_.email=?
Hibernate: select answer0_.quiz_id as quiz_id1_2_0_, answer0_.answer as answer2_2_0_ from quiz_answer answer0_ where answer0_.quiz_id=?
?[1;31m
Start test 79?[0m
Hibernate: select user0_.id as id1_4_, user0_.email as email2_4_, user0_.password as password3_4_ from users user0_ where user0_.email=?
Hibernate: select quiz0_.id as id1_1_0_, quiz0_.author as author2_1_0_, quiz0_.text as text3_1_0_, quiz0_.title as title4_1_0_ from quiz quiz0_ where quiz0_.id=?
Hibernate: select user0_.id as id1_4_, user0_.email as email2_4_, user0_.password as password3_4_ from users user0_ where user0_.email=?
Hibernate: select answer0_.quiz_id as quiz_id1_2_0_, answer0_.answer as answer2_2_0_ from quiz_answer answer0_ where answer0_.quiz_id=?
?[1;31m
Start test 80?[0m
Hibernate: select user0_.id as id1_4_, user0_.email as email2_4_, user0_.password as password3_4_ from users user0_ where user0_.email=?
Hibernate: select quiz0_.id as id1_1_0_, quiz0_.author as author2_1_0_, quiz0_.text as text3_1_0_, quiz0_.title as title4_1_0_ from quiz quiz0_ where quiz0_.id=?
Hibernate: select user0_.id as id1_4_, user0_.email as email2_4_, user0_.password as password3_4_ from users user0_ where user0_.email=?
Hibernate: select answer0_.quiz_id as quiz_id1_2_0_, answer0_.answer as answer2_2_0_ from quiz_answer answer0_ where answer0_.quiz_id=?
?[1;31m
Start test 81?[0m
Hibernate: select user0_.id as id1_4_, user0_.email as email2_4_, user0_.password as password3_4_ from users user0_ where user0_.email=?
Hibernate: select quiz0_.id as id1_1_0_, quiz0_.author as author2_1_0_, quiz0_.text as text3_1_0_, quiz0_.title as title4_1_0_ from quiz quiz0_ where quiz0_.id=?
Hibernate: select user0_.id as id1_4_, user0_.email as email2_4_, user0_.password as password3_4_ from users user0_ where user0_.email=?
Hibernate: select answer0_.quiz_id as quiz_id1_2_0_, answer0_.answer as answer2_2_0_ from quiz_answer answer0_ where answer0_.quiz_id=?
?[1;31m
Start test 82?[0m
Hibernate: select user0_.id as id1_4_, user0_.email as email2_4_, user0_.password as password3_4_ from users user0_ where user0_.email=?
Hibernate: call next value for hibernate_sequence
Hibernate: insert into quiz (author, text, title, id) values (?, ?, ?, ?)
Hibernate: insert into quiz_answer (quiz_id, answer) values (?, ?)
Hibernate: insert into quiz_answer (quiz_id, answer) values (?, ?)
Hibernate: insert into quiz_options (quiz_id, options) values (?, ?)
Hibernate: insert into quiz_options (quiz_id, options) values (?, ?)
Hibernate: insert into quiz_options (quiz_id, options) values (?, ?)
Hibernate: insert into quiz_options (quiz_id, options) values (?, ?)
?[1;31m
Start test 83?[0m
Hibernate: select user0_.id as id1_4_, user0_.email as email2_4_, user0_.password as password3_4_ from users user0_ where user0_.email=?
Hibernate: select quiz0_.id as id1_1_0_, quiz0_.author as author2_1_0_, quiz0_.text as text3_1_0_, quiz0_.title as title4_1_0_ from quiz quiz0_ where quiz0_.id=?
test@google.com
Hibernate: select options0_.quiz_id as quiz_id1_3_0_, options0_.options as options2_3_0_ from quiz_options options0_ where options0_.quiz_id=?
?[1;31m
Start test 84?[0m
Hibernate: select user0_.id as id1_4_, user0_.email as email2_4_, user0_.password as password3_4_ from users user0_ where user0_.email=?
Hibernate: select quiz0_.id as id1_1_0_, quiz0_.author as author2_1_0_, quiz0_.text as text3_1_0_, quiz0_.title as title4_1_0_ from quiz quiz0_ where quiz0_.id=?
?[1;31m
Start test 85?[0m
Hibernate: select user0_.id as id1_4_, user0_.email as email2_4_, user0_.password as password3_4_ from users user0_ where user0_.email=?
Hibernate: select quiz0_.id as id1_1_0_, quiz0_.author as author2_1_0_, quiz0_.text as text3_1_0_, quiz0_.title as title4_1_0_ from quiz quiz0_ where quiz0_.id=?
Hibernate: select user0_.id as id1_4_, user0_.email as email2_4_, user0_.password as password3_4_ from users user0_ where user0_.email=?
Hibernate: select answer0_.quiz_id as quiz_id1_2_0_, answer0_.answer as answer2_2_0_ from quiz_answer answer0_ where answer0_.quiz_id=?
?[1;31m
Start test 86?[0m
Hibernate: select user0_.id as id1_4_, user0_.email as email2_4_, user0_.password as password3_4_ from users user0_ where user0_.email=?
Hibernate: select quiz0_.id as id1_1_0_, quiz0_.author as author2_1_0_, quiz0_.text as text3_1_0_, quiz0_.title as title4_1_0_ from quiz quiz0_ where quiz0_.id=?
Hibernate: select user0_.id as id1_4_, user0_.email as email2_4_, user0_.password as password3_4_ from users user0_ where user0_.email=?
Hibernate: select answer0_.quiz_id as quiz_id1_2_0_, answer0_.answer as answer2_2_0_ from quiz_answer answer0_ where answer0_.quiz_id=?
?[1;31m
Start test 87?[0m
Hibernate: select user0_.id as id1_4_, user0_.email as email2_4_, user0_.password as password3_4_ from users user0_ where user0_.email=?
Hibernate: select quiz0_.id as id1_1_0_, quiz0_.author as author2_1_0_, quiz0_.text as text3_1_0_, quiz0_.title as title4_1_0_ from quiz quiz0_ where quiz0_.id=?
Hibernate: select user0_.id as id1_4_, user0_.email as email2_4_, user0_.password as password3_4_ from users user0_ where user0_.email=?
Hibernate: select answer0_.quiz_id as quiz_id1_2_0_, answer0_.answer as answer2_2_0_ from quiz_answer answer0_ where answer0_.quiz_id=?
?[1;31m
Start test 88?[0m
Hibernate: select user0_.id as id1_4_, user0_.email as email2_4_, user0_.password as password3_4_ from users user0_ where user0_.email=?
Hibernate: select quiz0_.id as id1_1_0_, quiz0_.author as author2_1_0_, quiz0_.text as text3_1_0_, quiz0_.title as title4_1_0_ from quiz quiz0_ where quiz0_.id=?
Hibernate: select user0_.id as id1_4_, user0_.email as email2_4_, user0_.password as password3_4_ from users user0_ where user0_.email=?
Hibernate: select answer0_.quiz_id as quiz_id1_2_0_, answer0_.answer as answer2_2_0_ from quiz_answer answer0_ where answer0_.quiz_id=?
?[1;31m
Start test 89?[0m
Hibernate: select user0_.id as id1_4_, user0_.email as email2_4_, user0_.password as password3_4_ from users user0_ where user0_.email=?
Hibernate: select quiz0_.id as id1_1_0_, quiz0_.author as author2_1_0_, quiz0_.text as text3_1_0_, quiz0_.title as title4_1_0_ from quiz quiz0_ where quiz0_.id=?
Hibernate: select user0_.id as id1_4_, user0_.email as email2_4_, user0_.password as password3_4_ from users user0_ where user0_.email=?
Hibernate: select answer0_.quiz_id as quiz_id1_2_0_, answer0_.answer as answer2_2_0_ from quiz_answer answer0_ where answer0_.quiz_id=?
?[1;31m
Start test 90?[0m
Hibernate: select user0_.id as id1_4_, user0_.email as email2_4_, user0_.password as password3_4_ from users user0_ where user0_.email=?
Hibernate: select quiz0_.id as id1_1_0_, quiz0_.author as author2_1_0_, quiz0_.text as text3_1_0_, quiz0_.title as title4_1_0_ from quiz quiz0_ where quiz0_.id=?
Hibernate: select user0_.id as id1_4_, user0_.email as email2_4_, user0_.password as password3_4_ from users user0_ where user0_.email=?
Hibernate: select answer0_.quiz_id as quiz_id1_2_0_, answer0_.answer as answer2_2_0_ from quiz_answer answer0_ where answer0_.quiz_id=?
?[1;31m
Start test 91?[0m
Hibernate: select user0_.id as id1_4_, user0_.email as email2_4_, user0_.password as password3_4_ from users user0_ where user0_.email=?
Hibernate: select quiz0_.id as id1_1_0_, quiz0_.author as author2_1_0_, quiz0_.text as text3_1_0_, quiz0_.title as title4_1_0_ from quiz quiz0_ where quiz0_.id=?
Hibernate: select user0_.id as id1_4_, user0_.email as email2_4_, user0_.password as password3_4_ from users user0_ where user0_.email=?
Hibernate: select answer0_.quiz_id as quiz_id1_2_0_, answer0_.answer as answer2_2_0_ from quiz_answer answer0_ where answer0_.quiz_id=?
?[1;31m
Start test 92?[0m
Hibernate: select user0_.id as id1_4_, user0_.email as email2_4_, user0_.password as password3_4_ from users user0_ where user0_.email=?
Hibernate: select quiz0_.id as id1_1_0_, quiz0_.author as author2_1_0_, quiz0_.text as text3_1_0_, quiz0_.title as title4_1_0_ from quiz quiz0_ where quiz0_.id=?
Hibernate: select user0_.id as id1_4_, user0_.email as email2_4_, user0_.password as password3_4_ from users user0_ where user0_.email=?
Hibernate: select answer0_.quiz_id as quiz_id1_2_0_, answer0_.answer as answer2_2_0_ from quiz_answer answer0_ where answer0_.quiz_id=?
?[1;31m
Start test 93?[0m
Hibernate: select user0_.id as id1_4_, user0_.email as email2_4_, user0_.password as password3_4_ from users user0_ where user0_.email=?
Hibernate: select quiz0_.id as id1_1_0_, quiz0_.author as author2_1_0_, quiz0_.text as text3_1_0_, quiz0_.title as title4_1_0_ from quiz quiz0_ where quiz0_.id=?
Hibernate: select user0_.id as id1_4_, user0_.email as email2_4_, user0_.password as password3_4_ from users user0_ where user0_.email=?
Hibernate: select answer0_.quiz_id as quiz_id1_2_0_, answer0_.answer as answer2_2_0_ from quiz_answer answer0_ where answer0_.quiz_id=?
?[1;31m
Start test 94?[0m
Hibernate: select user0_.id as id1_4_, user0_.email as email2_4_, user0_.password as password3_4_ from users user0_ where user0_.email=?
Hibernate: select quiz0_.id as id1_1_0_, quiz0_.author as author2_1_0_, quiz0_.text as text3_1_0_, quiz0_.title as title4_1_0_ from quiz quiz0_ where quiz0_.id=?
Hibernate: select user0_.id as id1_4_, user0_.email as email2_4_, user0_.password as password3_4_ from users user0_ where user0_.email=?
Hibernate: select answer0_.quiz_id as quiz_id1_2_0_, answer0_.answer as answer2_2_0_ from quiz_answer answer0_ where answer0_.quiz_id=?
Hibernate: insert into completion (id, quiz_id, time, user_id) values (null, ?, ?, ?)
?[1;31m
Start test 95?[0m
Hibernate: select user0_.id as id1_4_, user0_.email as email2_4_, user0_.password as password3_4_ from users user0_ where user0_.email=?
Hibernate: select quiz0_.id as id1_1_0_, quiz0_.author as author2_1_0_, quiz0_.text as text3_1_0_, quiz0_.title as title4_1_0_ from quiz quiz0_ where quiz0_.id=?
Hibernate: select user0_.id as id1_4_, user0_.email as email2_4_, user0_.password as password3_4_ from users user0_ where user0_.email=?
Hibernate: select answer0_.quiz_id as quiz_id1_2_0_, answer0_.answer as answer2_2_0_ from quiz_answer answer0_ where answer0_.quiz_id=?
?[1;31m
Start test 96?[0m
Hibernate: select user0_.id as id1_4_, user0_.email as email2_4_, user0_.password as password3_4_ from users user0_ where user0_.email=?
Hibernate: select quiz0_.id as id1_1_0_, quiz0_.author as author2_1_0_, quiz0_.text as text3_1_0_, quiz0_.title as title4_1_0_ from quiz quiz0_ where quiz0_.id=?
Hibernate: select user0_.id as id1_4_, user0_.email as email2_4_, user0_.password as password3_4_ from users user0_ where user0_.email=?
Hibernate: select answer0_.quiz_id as quiz_id1_2_0_, answer0_.answer as answer2_2_0_ from quiz_answer answer0_ where answer0_.quiz_id=?
?[1;31m
Start test 97?[0m
Hibernate: select user0_.id as id1_4_, user0_.email as email2_4_, user0_.password as password3_4_ from users user0_ where user0_.email=?
Hibernate: select quiz0_.id as id1_1_0_, quiz0_.author as author2_1_0_, quiz0_.text as text3_1_0_, quiz0_.title as title4_1_0_ from quiz quiz0_ where quiz0_.id=?
Hibernate: select user0_.id as id1_4_, user0_.email as email2_4_, user0_.password as password3_4_ from users user0_ where user0_.email=?
Hibernate: select answer0_.quiz_id as quiz_id1_2_0_, answer0_.answer as answer2_2_0_ from quiz_answer answer0_ where answer0_.quiz_id=?
?[1;31m
Start test 98?[0m
Hibernate: select user0_.id as id1_4_, user0_.email as email2_4_, user0_.password as password3_4_ from users user0_ where user0_.email=?
Hibernate: select quiz0_.id as id1_1_0_, quiz0_.author as author2_1_0_, quiz0_.text as text3_1_0_, quiz0_.title as title4_1_0_ from quiz quiz0_ where quiz0_.id=?
Hibernate: select user0_.id as id1_4_, user0_.email as email2_4_, user0_.password as password3_4_ from users user0_ where user0_.email=?
Hibernate: select answer0_.quiz_id as quiz_id1_2_0_, answer0_.answer as answer2_2_0_ from quiz_answer answer0_ where answer0_.quiz_id=?
?[1;31m
Start test 99?[0m
Hibernate: select user0_.id as id1_4_, user0_.email as email2_4_, user0_.password as password3_4_ from users user0_ where user0_.email=?
Hibernate: select quiz0_.id as id1_1_0_, quiz0_.author as author2_1_0_, quiz0_.text as text3_1_0_, quiz0_.title as title4_1_0_ from quiz quiz0_ where quiz0_.id=?
Hibernate: select user0_.id as id1_4_, user0_.email as email2_4_, user0_.password as password3_4_ from users user0_ where user0_.email=?
Hibernate: select answer0_.quiz_id as quiz_id1_2_0_, answer0_.answer as answer2_2_0_ from quiz_answer answer0_ where answer0_.quiz_id=?
?[1;31m
Start test 100?[0m
Hibernate: select user0_.id as id1_4_, user0_.email as email2_4_, user0_.password as password3_4_ from users user0_ where user0_.email=?
Hibernate: call next value for hibernate_sequence
Hibernate: insert into quiz (author, text, title, id) values (?, ?, ?, ?)
Hibernate: insert into quiz_options (quiz_id, options) values (?, ?)
Hibernate: insert into quiz_options (quiz_id, options) values (?, ?)
Hibernate: insert into quiz_options (quiz_id, options) values (?, ?)
Hibernate: insert into quiz_options (quiz_id, options) values (?, ?)
?[1;31m
Start test 101?[0m
Hibernate: select user0_.id as id1_4_, user0_.email as email2_4_, user0_.password as password3_4_ from users user0_ where user0_.email=?
Hibernate: select quiz0_.id as id1_1_0_, quiz0_.author as author2_1_0_, quiz0_.text as text3_1_0_, quiz0_.title as title4_1_0_ from quiz quiz0_ where quiz0_.id=?
test@google.com
Hibernate: select options0_.quiz_id as quiz_id1_3_0_, options0_.options as options2_3_0_ from quiz_options options0_ where options0_.quiz_id=?
?[1;31m
Start test 102?[0m
Hibernate: select user0_.id as id1_4_, user0_.email as email2_4_, user0_.password as password3_4_ from users user0_ where user0_.email=?
Hibernate: select quiz0_.id as id1_1_0_, quiz0_.author as author2_1_0_, quiz0_.text as text3_1_0_, quiz0_.title as title4_1_0_ from quiz quiz0_ where quiz0_.id=?
?[1;31m
Start test 103?[0m
Hibernate: select user0_.id as id1_4_, user0_.email as email2_4_, user0_.password as password3_4_ from users user0_ where user0_.email=?
Hibernate: select quiz0_.id as id1_1_0_, quiz0_.author as author2_1_0_, quiz0_.text as text3_1_0_, quiz0_.title as title4_1_0_ from quiz quiz0_ where quiz0_.id=?
Hibernate: select user0_.id as id1_4_, user0_.email as email2_4_, user0_.password as password3_4_ from users user0_ where user0_.email=?
Hibernate: select answer0_.quiz_id as quiz_id1_2_0_, answer0_.answer as answer2_2_0_ from quiz_answer answer0_ where answer0_.quiz_id=?
Hibernate: insert into completion (id, quiz_id, time, user_id) values (null, ?, ?, ?)
?[1;31m
Start test 104?[0m
Hibernate: select user0_.id as id1_4_, user0_.email as email2_4_, user0_.password as password3_4_ from users user0_ where user0_.email=?
Hibernate: select quiz0_.id as id1_1_0_, quiz0_.author as author2_1_0_, quiz0_.text as text3_1_0_, quiz0_.title as title4_1_0_ from quiz quiz0_ where quiz0_.id=?
Hibernate: select user0_.id as id1_4_, user0_.email as email2_4_, user0_.password as password3_4_ from users user0_ where user0_.email=?
Hibernate: select answer0_.quiz_id as quiz_id1_2_0_, answer0_.answer as answer2_2_0_ from quiz_answer answer0_ where answer0_.quiz_id=?
?[1;31m
Start test 105?[0m
Hibernate: select user0_.id as id1_4_, user0_.email as email2_4_, user0_.password as password3_4_ from users user0_ where user0_.email=?
Hibernate: select quiz0_.id as id1_1_0_, quiz0_.author as author2_1_0_, quiz0_.text as text3_1_0_, quiz0_.title as title4_1_0_ from quiz quiz0_ where quiz0_.id=?
Hibernate: select user0_.id as id1_4_, user0_.email as email2_4_, user0_.password as password3_4_ from users user0_ where user0_.email=?
Hibernate: select answer0_.quiz_id as quiz_id1_2_0_, answer0_.answer as answer2_2_0_ from quiz_answer answer0_ where answer0_.quiz_id=?
?[1;31m
Start test 106?[0m
Hibernate: select user0_.id as id1_4_, user0_.email as email2_4_, user0_.password as password3_4_ from users user0_ where user0_.email=?
Hibernate: select quiz0_.id as id1_1_0_, quiz0_.author as author2_1_0_, quiz0_.text as text3_1_0_, quiz0_.title as title4_1_0_ from quiz quiz0_ where quiz0_.id=?
Hibernate: select user0_.id as id1_4_, user0_.email as email2_4_, user0_.password as password3_4_ from users user0_ where user0_.email=?
Hibernate: select answer0_.quiz_id as quiz_id1_2_0_, answer0_.answer as answer2_2_0_ from quiz_answer answer0_ where answer0_.quiz_id=?
?[1;31m
Start test 107?[0m
Hibernate: select user0_.id as id1_4_, user0_.email as email2_4_, user0_.password as password3_4_ from users user0_ where user0_.email=?
Hibernate: select quiz0_.id as id1_1_0_, quiz0_.author as author2_1_0_, quiz0_.text as text3_1_0_, quiz0_.title as title4_1_0_ from quiz quiz0_ where quiz0_.id=?
Hibernate: select user0_.id as id1_4_, user0_.email as email2_4_, user0_.password as password3_4_ from users user0_ where user0_.email=?
Hibernate: select answer0_.quiz_id as quiz_id1_2_0_, answer0_.answer as answer2_2_0_ from quiz_answer answer0_ where answer0_.quiz_id=?
?[1;31m
Start test 108?[0m
Hibernate: select user0_.id as id1_4_, user0_.email as email2_4_, user0_.password as password3_4_ from users user0_ where user0_.email=?
Hibernate: select quiz0_.id as id1_1_0_, quiz0_.author as author2_1_0_, quiz0_.text as text3_1_0_, quiz0_.title as title4_1_0_ from quiz quiz0_ where quiz0_.id=?
Hibernate: select user0_.id as id1_4_, user0_.email as email2_4_, user0_.password as password3_4_ from users user0_ where user0_.email=?
Hibernate: select answer0_.quiz_id as quiz_id1_2_0_, answer0_.answer as answer2_2_0_ from quiz_answer answer0_ where answer0_.quiz_id=?
?[1;31m
Start test 109?[0m
Hibernate: select user0_.id as id1_4_, user0_.email as email2_4_, user0_.password as password3_4_ from users user0_ where user0_.email=?
Hibernate: select quiz0_.id as id1_1_0_, quiz0_.author as author2_1_0_, quiz0_.text as text3_1_0_, quiz0_.title as title4_1_0_ from quiz quiz0_ where quiz0_.id=?
Hibernate: select user0_.id as id1_4_, user0_.email as email2_4_, user0_.password as password3_4_ from users user0_ where user0_.email=?
Hibernate: select answer0_.quiz_id as quiz_id1_2_0_, answer0_.answer as answer2_2_0_ from quiz_answer answer0_ where answer0_.quiz_id=?
?[1;31m
Start test 110?[0m
Hibernate: select user0_.id as id1_4_, user0_.email as email2_4_, user0_.password as password3_4_ from users user0_ where user0_.email=?
Hibernate: select quiz0_.id as id1_1_0_, quiz0_.author as author2_1_0_, quiz0_.text as text3_1_0_, quiz0_.title as title4_1_0_ from quiz quiz0_ where quiz0_.id=?
Hibernate: select user0_.id as id1_4_, user0_.email as email2_4_, user0_.password as password3_4_ from users user0_ where user0_.email=?
Hibernate: select answer0_.quiz_id as quiz_id1_2_0_, answer0_.answer as answer2_2_0_ from quiz_answer answer0_ where answer0_.quiz_id=?
?[1;31m
Start test 111?[0m
Hibernate: select user0_.id as id1_4_, user0_.email as email2_4_, user0_.password as password3_4_ from users user0_ where user0_.email=?
Hibernate: select quiz0_.id as id1_1_0_, quiz0_.author as author2_1_0_, quiz0_.text as text3_1_0_, quiz0_.title as title4_1_0_ from quiz quiz0_ where quiz0_.id=?
Hibernate: select user0_.id as id1_4_, user0_.email as email2_4_, user0_.password as password3_4_ from users user0_ where user0_.email=?
Hibernate: select answer0_.quiz_id as quiz_id1_2_0_, answer0_.answer as answer2_2_0_ from quiz_answer answer0_ where answer0_.quiz_id=?
?[1;31m
Start test 112?[0m
Hibernate: select user0_.id as id1_4_, user0_.email as email2_4_, user0_.password as password3_4_ from users user0_ where user0_.email=?
Hibernate: select quiz0_.id as id1_1_0_, quiz0_.author as author2_1_0_, quiz0_.text as text3_1_0_, quiz0_.title as title4_1_0_ from quiz quiz0_ where quiz0_.id=?
Hibernate: select user0_.id as id1_4_, user0_.email as email2_4_, user0_.password as password3_4_ from users user0_ where user0_.email=?
Hibernate: select answer0_.quiz_id as quiz_id1_2_0_, answer0_.answer as answer2_2_0_ from quiz_answer answer0_ where answer0_.quiz_id=?
?[1;31m
Start test 113?[0m
Hibernate: select user0_.id as id1_4_, user0_.email as email2_4_, user0_.password as password3_4_ from users user0_ where user0_.email=?
Hibernate: select quiz0_.id as id1_1_0_, quiz0_.author as author2_1_0_, quiz0_.text as text3_1_0_, quiz0_.title as title4_1_0_ from quiz quiz0_ where quiz0_.id=?
Hibernate: select user0_.id as id1_4_, user0_.email as email2_4_, user0_.password as password3_4_ from users user0_ where user0_.email=?
Hibernate: select answer0_.quiz_id as quiz_id1_2_0_, answer0_.answer as answer2_2_0_ from quiz_answer answer0_ where answer0_.quiz_id=?
?[1;31m
Start test 114?[0m
Hibernate: select user0_.id as id1_4_, user0_.email as email2_4_, user0_.password as password3_4_ from users user0_ where user0_.email=?
Hibernate: select quiz0_.id as id1_1_0_, quiz0_.author as author2_1_0_, quiz0_.text as text3_1_0_, quiz0_.title as title4_1_0_ from quiz quiz0_ where quiz0_.id=?
Hibernate: select user0_.id as id1_4_, user0_.email as email2_4_, user0_.password as password3_4_ from users user0_ where user0_.email=?
Hibernate: select answer0_.quiz_id as quiz_id1_2_0_, answer0_.answer as answer2_2_0_ from quiz_answer answer0_ where answer0_.quiz_id=?
?[1;31m
Start test 115?[0m
Hibernate: select user0_.id as id1_4_, user0_.email as email2_4_, user0_.password as password3_4_ from users user0_ where user0_.email=?
Hibernate: select quiz0_.id as id1_1_0_, quiz0_.author as author2_1_0_, quiz0_.text as text3_1_0_, quiz0_.title as title4_1_0_ from quiz quiz0_ where quiz0_.id=?
Hibernate: select user0_.id as id1_4_, user0_.email as email2_4_, user0_.password as password3_4_ from users user0_ where user0_.email=?
Hibernate: select answer0_.quiz_id as quiz_id1_2_0_, answer0_.answer as answer2_2_0_ from quiz_answer answer0_ where answer0_.quiz_id=?
?[1;31m
Start test 116?[0m
Hibernate: select user0_.id as id1_4_, user0_.email as email2_4_, user0_.password as password3_4_ from users user0_ where user0_.email=?
Hibernate: select quiz0_.id as id1_1_0_, quiz0_.author as author2_1_0_, quiz0_.text as text3_1_0_, quiz0_.title as title4_1_0_ from quiz quiz0_ where quiz0_.id=?
Hibernate: select user0_.id as id1_4_, user0_.email as email2_4_, user0_.password as password3_4_ from users user0_ where user0_.email=?
Hibernate: select answer0_.quiz_id as quiz_id1_2_0_, answer0_.answer as answer2_2_0_ from quiz_answer answer0_ where answer0_.quiz_id=?
?[1;31m
Start test 117?[0m
Hibernate: select user0_.id as id1_4_, user0_.email as email2_4_, user0_.password as password3_4_ from users user0_ where user0_.email=?
Hibernate: select quiz0_.id as id1_1_0_, quiz0_.author as author2_1_0_, quiz0_.text as text3_1_0_, quiz0_.title as title4_1_0_ from quiz quiz0_ where quiz0_.id=?
Hibernate: select user0_.id as id1_4_, user0_.email as email2_4_, user0_.password as password3_4_ from users user0_ where user0_.email=?
Hibernate: select answer0_.quiz_id as quiz_id1_2_0_, answer0_.answer as answer2_2_0_ from quiz_answer answer0_ where answer0_.quiz_id=?
?[1;31m
Start test 118?[0m
Hibernate: select user0_.id as id1_4_, user0_.email as email2_4_, user0_.password as password3_4_ from users user0_ where user0_.email=?
Hibernate: call next value for hibernate_sequence
Hibernate: insert into quiz (author, text, title, id) values (?, ?, ?, ?)
Hibernate: insert into quiz_options (quiz_id, options) values (?, ?)
Hibernate: insert into quiz_options (quiz_id, options) values (?, ?)
Hibernate: insert into quiz_options (quiz_id, options) values (?, ?)
Hibernate: insert into quiz_options (quiz_id, options) values (?, ?)
?[1;31m
Start test 119?[0m
Hibernate: select user0_.id as id1_4_, user0_.email as email2_4_, user0_.password as password3_4_ from users user0_ where user0_.email=?
Hibernate: select quiz0_.id as id1_1_0_, quiz0_.author as author2_1_0_, quiz0_.text as text3_1_0_, quiz0_.title as title4_1_0_ from quiz quiz0_ where quiz0_.id=?
test@google.com
Hibernate: select options0_.quiz_id as quiz_id1_3_0_, options0_.options as options2_3_0_ from quiz_options options0_ where options0_.quiz_id=?
?[1;31m
Start test 120?[0m
Hibernate: select user0_.id as id1_4_, user0_.email as email2_4_, user0_.password as password3_4_ from users user0_ where user0_.email=?
Hibernate: select quiz0_.id as id1_1_0_, quiz0_.author as author2_1_0_, quiz0_.text as text3_1_0_, quiz0_.title as title4_1_0_ from quiz quiz0_ where quiz0_.id=?
?[1;31m
Start test 121?[0m
Hibernate: select user0_.id as id1_4_, user0_.email as email2_4_, user0_.password as password3_4_ from users user0_ where user0_.email=?
Hibernate: select quiz0_.id as id1_1_0_, quiz0_.author as author2_1_0_, quiz0_.text as text3_1_0_, quiz0_.title as title4_1_0_ from quiz quiz0_ where quiz0_.id=?
Hibernate: select user0_.id as id1_4_, user0_.email as email2_4_, user0_.password as password3_4_ from users user0_ where user0_.email=?
Hibernate: select answer0_.quiz_id as quiz_id1_2_0_, answer0_.answer as answer2_2_0_ from quiz_answer answer0_ where answer0_.quiz_id=?
Hibernate: insert into completion (id, quiz_id, time, user_id) values (null, ?, ?, ?)
?[1;31m
Start test 122?[0m
Hibernate: select user0_.id as id1_4_, user0_.email as email2_4_, user0_.password as password3_4_ from users user0_ where user0_.email=?
Hibernate: select quiz0_.id as id1_1_0_, quiz0_.author as author2_1_0_, quiz0_.text as text3_1_0_, quiz0_.title as title4_1_0_ from quiz quiz0_ where quiz0_.id=?
Hibernate: select user0_.id as id1_4_, user0_.email as email2_4_, user0_.password as password3_4_ from users user0_ where user0_.email=?
Hibernate: select answer0_.quiz_id as quiz_id1_2_0_, answer0_.answer as answer2_2_0_ from quiz_answer answer0_ where answer0_.quiz_id=?
?[1;31m
Start test 123?[0m
Hibernate: select user0_.id as id1_4_, user0_.email as email2_4_, user0_.password as password3_4_ from users user0_ where user0_.email=?
Hibernate: select quiz0_.id as id1_1_0_, quiz0_.author as author2_1_0_, quiz0_.text as text3_1_0_, quiz0_.title as title4_1_0_ from quiz quiz0_ where quiz0_.id=?
Hibernate: select user0_.id as id1_4_, user0_.email as email2_4_, user0_.password as password3_4_ from users user0_ where user0_.email=?
Hibernate: select answer0_.quiz_id as quiz_id1_2_0_, answer0_.answer as answer2_2_0_ from quiz_answer answer0_ where answer0_.quiz_id=?
?[1;31m
Start test 124?[0m
Hibernate: select user0_.id as id1_4_, user0_.email as email2_4_, user0_.password as password3_4_ from users user0_ where user0_.email=?
Hibernate: select quiz0_.id as id1_1_0_, quiz0_.author as author2_1_0_, quiz0_.text as text3_1_0_, quiz0_.title as title4_1_0_ from quiz quiz0_ where quiz0_.id=?
Hibernate: select user0_.id as id1_4_, user0_.email as email2_4_, user0_.password as password3_4_ from users user0_ where user0_.email=?
Hibernate: select answer0_.quiz_id as quiz_id1_2_0_, answer0_.answer as answer2_2_0_ from quiz_answer answer0_ where answer0_.quiz_id=?
?[1;31m
Start test 125?[0m
Hibernate: select user0_.id as id1_4_, user0_.email as email2_4_, user0_.password as password3_4_ from users user0_ where user0_.email=?
Hibernate: select quiz0_.id as id1_1_0_, quiz0_.author as author2_1_0_, quiz0_.text as text3_1_0_, quiz0_.title as title4_1_0_ from quiz quiz0_ where quiz0_.id=?
Hibernate: select user0_.id as id1_4_, user0_.email as email2_4_, user0_.password as password3_4_ from users user0_ where user0_.email=?
Hibernate: select answer0_.quiz_id as quiz_id1_2_0_, answer0_.answer as answer2_2_0_ from quiz_answer answer0_ where answer0_.quiz_id=?
?[1;31m
Start test 126?[0m
Hibernate: select user0_.id as id1_4_, user0_.email as email2_4_, user0_.password as password3_4_ from users user0_ where user0_.email=?
Hibernate: select quiz0_.id as id1_1_0_, quiz0_.author as author2_1_0_, quiz0_.text as text3_1_0_, quiz0_.title as title4_1_0_ from quiz quiz0_ where quiz0_.id=?
Hibernate: select user0_.id as id1_4_, user0_.email as email2_4_, user0_.password as password3_4_ from users user0_ where user0_.email=?
Hibernate: select answer0_.quiz_id as quiz_id1_2_0_, answer0_.answer as answer2_2_0_ from quiz_answer answer0_ where answer0_.quiz_id=?
?[1;31m
Start test 127?[0m
Hibernate: select user0_.id as id1_4_, user0_.email as email2_4_, user0_.password as password3_4_ from users user0_ where user0_.email=?
Hibernate: select quiz0_.id as id1_1_0_, quiz0_.author as author2_1_0_, quiz0_.text as text3_1_0_, quiz0_.title as title4_1_0_ from quiz quiz0_ where quiz0_.id=?
Hibernate: select user0_.id as id1_4_, user0_.email as email2_4_, user0_.password as password3_4_ from users user0_ where user0_.email=?
Hibernate: select answer0_.quiz_id as quiz_id1_2_0_, answer0_.answer as answer2_2_0_ from quiz_answer answer0_ where answer0_.quiz_id=?
?[1;31m
Start test 128?[0m
Hibernate: select user0_.id as id1_4_, user0_.email as email2_4_, user0_.password as password3_4_ from users user0_ where user0_.email=?
Hibernate: select quiz0_.id as id1_1_0_, quiz0_.author as author2_1_0_, quiz0_.text as text3_1_0_, quiz0_.title as title4_1_0_ from quiz quiz0_ where quiz0_.id=?
Hibernate: select user0_.id as id1_4_, user0_.email as email2_4_, user0_.password as password3_4_ from users user0_ where user0_.email=?
Hibernate: select answer0_.quiz_id as quiz_id1_2_0_, answer0_.answer as answer2_2_0_ from quiz_answer answer0_ where answer0_.quiz_id=?
?[1;31m
Start test 129?[0m
Hibernate: select user0_.id as id1_4_, user0_.email as email2_4_, user0_.password as password3_4_ from users user0_ where user0_.email=?
Hibernate: select quiz0_.id as id1_1_0_, quiz0_.author as author2_1_0_, quiz0_.text as text3_1_0_, quiz0_.title as title4_1_0_ from quiz quiz0_ where quiz0_.id=?
Hibernate: select user0_.id as id1_4_, user0_.email as email2_4_, user0_.password as password3_4_ from users user0_ where user0_.email=?
Hibernate: select answer0_.quiz_id as quiz_id1_2_0_, answer0_.answer as answer2_2_0_ from quiz_answer answer0_ where answer0_.quiz_id=?
?[1;31m
Start test 130?[0m
Hibernate: select user0_.id as id1_4_, user0_.email as email2_4_, user0_.password as password3_4_ from users user0_ where user0_.email=?
Hibernate: select quiz0_.id as id1_1_0_, quiz0_.author as author2_1_0_, quiz0_.text as text3_1_0_, quiz0_.title as title4_1_0_ from quiz quiz0_ where quiz0_.id=?
Hibernate: select user0_.id as id1_4_, user0_.email as email2_4_, user0_.password as password3_4_ from users user0_ where user0_.email=?
Hibernate: select answer0_.quiz_id as quiz_id1_2_0_, answer0_.answer as answer2_2_0_ from quiz_answer answer0_ where answer0_.quiz_id=?
?[1;31m
Start test 131?[0m
Hibernate: select user0_.id as id1_4_, user0_.email as email2_4_, user0_.password as password3_4_ from users user0_ where user0_.email=?
Hibernate: select quiz0_.id as id1_1_0_, quiz0_.author as author2_1_0_, quiz0_.text as text3_1_0_, quiz0_.title as title4_1_0_ from quiz quiz0_ where quiz0_.id=?
Hibernate: select user0_.id as id1_4_, user0_.email as email2_4_, user0_.password as password3_4_ from users user0_ where user0_.email=?
Hibernate: select answer0_.quiz_id as quiz_id1_2_0_, answer0_.answer as answer2_2_0_ from quiz_answer answer0_ where answer0_.quiz_id=?
?[1;31m
Start test 132?[0m
Hibernate: select user0_.id as id1_4_, user0_.email as email2_4_, user0_.password as password3_4_ from users user0_ where user0_.email=?
Hibernate: select quiz0_.id as id1_1_0_, quiz0_.author as author2_1_0_, quiz0_.text as text3_1_0_, quiz0_.title as title4_1_0_ from quiz quiz0_ where quiz0_.id=?
Hibernate: select user0_.id as id1_4_, user0_.email as email2_4_, user0_.password as password3_4_ from users user0_ where user0_.email=?
Hibernate: select answer0_.quiz_id as quiz_id1_2_0_, answer0_.answer as answer2_2_0_ from quiz_answer answer0_ where answer0_.quiz_id=?
?[1;31m
Start test 133?[0m
Hibernate: select user0_.id as id1_4_, user0_.email as email2_4_, user0_.password as password3_4_ from users user0_ where user0_.email=?
Hibernate: select quiz0_.id as id1_1_0_, quiz0_.author as author2_1_0_, quiz0_.text as text3_1_0_, quiz0_.title as title4_1_0_ from quiz quiz0_ where quiz0_.id=?
Hibernate: select user0_.id as id1_4_, user0_.email as email2_4_, user0_.password as password3_4_ from users user0_ where user0_.email=?
Hibernate: select answer0_.quiz_id as quiz_id1_2_0_, answer0_.answer as answer2_2_0_ from quiz_answer answer0_ where answer0_.quiz_id=?
?[1;31m
Start test 134?[0m
Hibernate: select user0_.id as id1_4_, user0_.email as email2_4_, user0_.password as password3_4_ from users user0_ where user0_.email=?
Hibernate: select quiz0_.id as id1_1_0_, quiz0_.author as author2_1_0_, quiz0_.text as text3_1_0_, quiz0_.title as title4_1_0_ from quiz quiz0_ where quiz0_.id=?
[...]
2020-12-06 03:24:28.141  INFO 162321 --- [    Test worker] org.apache.catalina.core.StandardEngine  : Starting Servlet engine: [Apache Tomcat/9.0.29]
2020-12-06 03:24:28.148  INFO 162321 --- [    Test worker] o.a.c.c.C.[Tomcat].[localhost].[/]       : Initializing Spring embedded WebApplicationContext
2020-12-06 03:24:28.148  INFO 162321 --- [    Test worker] o.s.web.context.ContextLoader            : Root WebApplicationContext: initialization completed in 192 ms
2020-12-06 03:24:28.175  INFO 162321 --- [    Test worker] com.zaxxer.hikari.HikariDataSource       : HikariPool-4 - Starting...
2020-12-06 03:24:28.179  INFO 162321 --- [    Test worker] com.zaxxer.hikari.HikariDataSource       : HikariPool-4 - Start completed.
2020-12-06 03:24:28.179  INFO 162321 --- [    Test worker] o.s.b.a.h2.H2ConsoleAutoConfiguration    : H2 console available at '/h2-console'. Database available at 'jdbc:h2:file:~/quizzesdb'
2020-12-06 03:24:28.228  INFO 162321 --- [    Test worker] o.hibernate.jpa.internal.util.LogHelper  : HHH000204: Processing PersistenceUnitInfo [name: default]
2020-12-06 03:24:28.231  INFO 162321 --- [    Test worker] org.hibernate.dialect.Dialect            : HHH000400: Using dialect: org.hibernate.dialect.H2Dialect
2020-12-06 03:24:28.286  INFO 162321 --- [    Test worker] o.h.e.t.j.p.i.JtaPlatformInitiator       : HHH000490: Using JtaPlatform implementation: [org.hibernate.engine.transaction.jta.platform.internal.NoJtaPlatform]
2020-12-06 03:24:28.286  INFO 162321 --- [    Test worker] j.LocalContainerEntityManagerFactoryBean : Initialized JPA EntityManagerFactory for persistence unit 'default'
2020-12-06 03:24:28.327  WARN 162321 --- [    Test worker] JpaBaseConfiguration$JpaWebConfiguration : spring.jpa.open-in-view is enabled by default. Therefore, database queries may be performed during view rendering. Explicitly configure spring.jpa.open-in-view to disable this warning
2020-12-06 03:24:28.350  INFO 162321 --- [    Test worker] o.s.s.web.DefaultSecurityFilterChain     : Creating filter chain: any request, [org.springframework.security.web.context.request.async.WebAsyncManagerIntegrationFilter@458c5b8a, org.springframework.security.web.context.SecurityContextPersistenceFilter@68385e7c, org.springframework.security.web.header.HeaderWriterFilter@306b7c38, org.springframework.security.web.authentication.logout.LogoutFilter@5578007f, org.springframework.security.web.authentication.www.BasicAuthenticationFilter@533a9d3d, org.springframework.security.web.savedrequest.RequestCacheAwareFilter@4f5933ae, org.springframework.security.web.servletapi.SecurityContextHolderAwareRequestFilter@24b80cc1, org.springframework.security.web.authentication.AnonymousAuthenticationFilter@7d9f8d87, org.springframework.security.web.session.SessionManagementFilter@2fbe8880, org.springframework.security.web.access.ExceptionTranslationFilter@2ab1bef3, org.springframework.security.web.access.intercept.FilterSecurityInterceptor@5fcd1ab1]
2020-12-06 03:24:28.380  INFO 162321 --- [    Test worker] o.s.s.concurrent.ThreadPoolTaskExecutor  : Initializing ExecutorService 'applicationTaskExecutor'
2020-12-06 03:24:28.447  INFO 162321 --- [    Test worker] o.s.b.a.e.web.EndpointLinksResolver      : Exposing 14 endpoint(s) beneath base path '/actuator'
2020-12-06 03:24:28.465  INFO 162321 --- [    Test worker] o.s.b.w.embedded.tomcat.TomcatWebServer  : Tomcat started on port(s): 8889 (http) with context path ''
2020-12-06 03:24:28.466  INFO 162321 --- [    Test worker] engine.WebQuizEngine                     : Started WebQuizEngine in 0.535 seconds (JVM running for 24.351)
?[1;31m
Start test 216?[0m
2020-12-06 03:24:28.470  INFO 162321 --- [nio-8889-exec-1] o.a.c.c.C.[Tomcat].[localhost].[/]       : Initializing Spring DispatcherServlet 'dispatcherServlet'
2020-12-06 03:24:28.470  INFO 162321 --- [nio-8889-exec-1] o.s.web.servlet.DispatcherServlet        : Initializing Servlet 'dispatcherServlet'
2020-12-06 03:24:28.472  INFO 162321 --- [nio-8889-exec-1] o.s.web.servlet.DispatcherServlet        : Completed initialization in 2 ms
Hibernate: select user0_.id as id1_4_, user0_.email as email2_4_, user0_.password as password3_4_ from users user0_ where user0_.email=?
Hibernate: select quiz0_.id as id1_1_, quiz0_.author as author2_1_, quiz0_.text as text3_1_, quiz0_.title as title4_1_ from quiz quiz0_ order by quiz0_.id asc limit ?
Hibernate: select options0_.quiz_id as quiz_id1_3_0_, options0_.options as options2_3_0_ from quiz_options options0_ where options0_.quiz_id=?
Hibernate: select options0_.quiz_id as quiz_id1_3_0_, options0_.options as options2_3_0_ from quiz_options options0_ where options0_.quiz_id=?
Hibernate: select options0_.quiz_id as quiz_id1_3_0_, options0_.options as options2_3_0_ from quiz_options options0_ where options0_.quiz_id=?
Hibernate: select options0_.quiz_id as quiz_id1_3_0_, options0_.options as options2_3_0_ from quiz_options options0_ where options0_.quiz_id=?
Hibernate: select options0_.quiz_id as quiz_id1_3_0_, options0_.options as options2_3_0_ from quiz_options options0_ where options0_.quiz_id=?
?[1;31m
Start test 217?[0m
Hibernate: select user0_.id as id1_4_, user0_.email as email2_4_, user0_.password as password3_4_ from users user0_ where user0_.email=?
Hibernate: select quiz0_.id as id1_1_0_, quiz0_.author as author2_1_0_, quiz0_.text as text3_1_0_, quiz0_.title as title4_1_0_ from quiz quiz0_ where quiz0_.id=?
?[1;31m
Start test 218?[0m
Hibernate: select user0_.id as id1_4_, user0_.email as email2_4_, user0_.password as password3_4_ from users user0_ where user0_.email=?
Hibernate: select quiz0_.id as id1_1_0_, quiz0_.author as author2_1_0_, quiz0_.text as text3_1_0_, quiz0_.title as title4_1_0_ from quiz quiz0_ where quiz0_.id=?
?[1;31m
Start test 219?[0m
Hibernate: select user0_.id as id1_4_, user0_.email as email2_4_, user0_.password as password3_4_ from users user0_ where user0_.email=?
Hibernate: select quiz0_.id as id1_1_0_, quiz0_.author as author2_1_0_, quiz0_.text as text3_1_0_, quiz0_.title as title4_1_0_ from quiz quiz0_ where quiz0_.id=?
?[1;31m
Start test 220?[0m
Hibernate: select user0_.id as id1_4_, user0_.email as email2_4_, user0_.password as password3_4_ from users user0_ where user0_.email=?
Hibernate: select quiz0_.id as id1_1_0_, quiz0_.author as author2_1_0_, quiz0_.text as text3_1_0_, quiz0_.title as title4_1_0_ from quiz quiz0_ where quiz0_.id=?
?[1;31m
Start test 221?[0m
Hibernate: select user0_.id as id1_4_, user0_.email as email2_4_, user0_.password as password3_4_ from users user0_ where user0_.email=?
Hibernate: call next value for hibernate_sequence
Hibernate: insert into quiz (author, text, title, id) values (?, ?, ?, ?)
Hibernate: insert into quiz_answer (quiz_id, answer) values (?, ?)
Hibernate: insert into quiz_answer (quiz_id, answer) values (?, ?)
Hibernate: insert into quiz_answer (quiz_id, answer) values (?, ?)
Hibernate: insert into quiz_options (quiz_id, options) values (?, ?)
Hibernate: insert into quiz_options (quiz_id, options) values (?, ?)
Hibernate: insert into quiz_options (quiz_id, options) values (?, ?)
Hibernate: insert into quiz_options (quiz_id, options) values (?, ?)
?[1;31m
Start test 222?[0m
Hibernate: select user0_.id as id1_4_, user0_.email as email2_4_, user0_.password as password3_4_ from users user0_ where user0_.email=?
Hibernate: call next value for hibernate_sequence
Hibernate: insert into quiz (author, text, title, id) values (?, ?, ?, ?)
Hibernate: insert into quiz_answer (quiz_id, answer) values (?, ?)
Hibernate: insert into quiz_answer (quiz_id, answer) values (?, ?)
Hibernate: insert into quiz_answer (quiz_id, answer) values (?, ?)
Hibernate: insert into quiz_options (quiz_id, options) values (?, ?)
Hibernate: insert into quiz_options (quiz_id, options) values (?, ?)
Hibernate: insert into quiz_options (quiz_id, options) values (?, ?)
Hibernate: insert into quiz_options (quiz_id, options) values (?, ?)
?[1;31m
Start test 223?[0m
Hibernate: select user0_.id as id1_4_, user0_.email as email2_4_, user0_.password as password3_4_ from users user0_ where user0_.email=?
Hibernate: call next value for hibernate_sequence
Hibernate: insert into quiz (author, text, title, id) values (?, ?, ?, ?)
Hibernate: insert into quiz_answer (quiz_id, answer) values (?, ?)
Hibernate: insert into quiz_answer (quiz_id, answer) values (?, ?)
Hibernate: insert into quiz_answer (quiz_id, answer) values (?, ?)
Hibernate: insert into quiz_options (quiz_id, options) values (?, ?)
Hibernate: insert into quiz_options (quiz_id, options) values (?, ?)
Hibernate: insert into quiz_options (quiz_id, options) values (?, ?)
Hibernate: insert into quiz_options (quiz_id, options) values (?, ?)
?[1;31m
Start test 224?[0m
Hibernate: select user0_.id as id1_4_, user0_.email as email2_4_, user0_.password as password3_4_ from users user0_ where user0_.email=?
Hibernate: call next value for hibernate_sequence
Hibernate: insert into quiz (author, text, title, id) values (?, ?, ?, ?)
Hibernate: insert into quiz_answer (quiz_id, answer) values (?, ?)
Hibernate: insert into quiz_answer (quiz_id, answer) values (?, ?)
Hibernate: insert into quiz_answer (quiz_id, answer) values (?, ?)
Hibernate: insert into quiz_options (quiz_id, options) values (?, ?)
Hibernate: insert into quiz_options (quiz_id, options) values (?, ?)
Hibernate: insert into quiz_options (quiz_id, options) values (?, ?)
Hibernate: insert into quiz_options (quiz_id, options) values (?, ?)
?[1;31m
Start test 225?[0m
Hibernate: select user0_.id as id1_4_, user0_.email as email2_4_, user0_.password as password3_4_ from users user0_ where user0_.email=?
Hibernate: call next value for hibernate_sequence
Hibernate: insert into quiz (author, text, title, id) values (?, ?, ?, ?)
Hibernate: insert into quiz_answer (quiz_id, answer) values (?, ?)
Hibernate: insert into quiz_answer (quiz_id, answer) values (?, ?)
Hibernate: insert into quiz_answer (quiz_id, answer) values (?, ?)
Hibernate: insert into quiz_options (quiz_id, options) values (?, ?)
Hibernate: insert into quiz_options (quiz_id, options) values (?, ?)
Hibernate: insert into quiz_options (quiz_id, options) values (?, ?)
Hibernate: insert into quiz_options (quiz_id, options) values (?, ?)
?[1;31m
Start test 226?[0m
Hibernate: select user0_.id as id1_4_, user0_.email as email2_4_, user0_.password as password3_4_ from users user0_ where user0_.email=?
Hibernate: call next value for hibernate_sequence
Hibernate: insert into quiz (author, text, title, id) values (?, ?, ?, ?)
Hibernate: insert into quiz_answer (quiz_id, answer) values (?, ?)
Hibernate: insert into quiz_answer (quiz_id, answer) values (?, ?)
Hibernate: insert into quiz_answer (quiz_id, answer) values (?, ?)
Hibernate: insert into quiz_options (quiz_id, options) values (?, ?)
Hibernate: insert into quiz_options (quiz_id, options) values (?, ?)
Hibernate: insert into quiz_options (quiz_id, options) values (?, ?)
Hibernate: insert into quiz_options (quiz_id, options) values (?, ?)
?[1;31m
Start test 227?[0m
Hibernate: select user0_.id as id1_4_, user0_.email as email2_4_, user0_.password as password3_4_ from users user0_ where user0_.email=?
Hibernate: call next value for hibernate_sequence
Hibernate: insert into quiz (author, text, title, id) values (?, ?, ?, ?)
Hibernate: insert into quiz_answer (quiz_id, answer) values (?, ?)
Hibernate: insert into quiz_answer (quiz_id, answer) values (?, ?)
Hibernate: insert into quiz_answer (quiz_id, answer) values (?, ?)
Hibernate: insert into quiz_options (quiz_id, options) values (?, ?)
Hibernate: insert into quiz_options (quiz_id, options) values (?, ?)
Hibernate: insert into quiz_options (quiz_id, options) values (?, ?)
Hibernate: insert into quiz_options (quiz_id, options) values (?, ?)
?[1;31m
Start test 228?[0m
Hibernate: select user0_.id as id1_4_, user0_.email as email2_4_, user0_.password as password3_4_ from users user0_ where user0_.email=?
Hibernate: call next value for hibernate_sequence
Hibernate: insert into quiz (author, text, title, id) values (?, ?, ?, ?)
Hibernate: insert into quiz_answer (quiz_id, answer) values (?, ?)
Hibernate: insert into quiz_answer (quiz_id, answer) values (?, ?)
Hibernate: insert into quiz_answer (quiz_id, answer) values (?, ?)
Hibernate: insert into quiz_options (quiz_id, options) values (?, ?)
Hibernate: insert into quiz_options (quiz_id, options) values (?, ?)
Hibernate: insert into quiz_options (quiz_id, options) values (?, ?)
Hibernate: insert into quiz_options (quiz_id, options) values (?, ?)
?[1;31m
Start test 229?[0m
Hibernate: select user0_.id as id1_4_, user0_.email as email2_4_, user0_.password as password3_4_ from users user0_ where user0_.email=?
Hibernate: call next value for hibernate_sequence
Hibernate: insert into quiz (author, text, title, id) values (?, ?, ?, ?)
Hibernate: insert into quiz_answer (quiz_id, answer) values (?, ?)
Hibernate: insert into quiz_answer (quiz_id, answer) values (?, ?)
Hibernate: insert into quiz_answer (quiz_id, answer) values (?, ?)
Hibernate: insert into quiz_options (quiz_id, options) values (?, ?)
Hibernate: insert into quiz_options (quiz_id, options) values (?, ?)
Hibernate: insert into quiz_options (quiz_id, options) values (?, ?)
Hibernate: insert into quiz_options (quiz_id, options) values (?, ?)
?[1;31m
Start test 230?[0m
Hibernate: select user0_.id as id1_4_, user0_.email as email2_4_, user0_.password as password3_4_ from users user0_ where user0_.email=?
Hibernate: call next value for hibernate_sequence
Hibernate: insert into quiz (author, text, title, id) values (?, ?, ?, ?)
Hibernate: insert into quiz_answer (quiz_id, answer) values (?, ?)
Hibernate: insert into quiz_answer (quiz_id, answer) values (?, ?)
Hibernate: insert into quiz_answer (quiz_id, answer) values (?, ?)
Hibernate: insert into quiz_options (quiz_id, options) values (?, ?)
Hibernate: insert into quiz_options (quiz_id, options) values (?, ?)
Hibernate: insert into quiz_options (quiz_id, options) values (?, ?)
Hibernate: insert into quiz_options (quiz_id, options) values (?, ?)
?[1;31m
Start test 231?[0m
Hibernate: select user0_.id as id1_4_, user0_.email as email2_4_, user0_.password as password3_4_ from users user0_ where user0_.email=?
Hibernate: select quiz0_.id as id1_1_, quiz0_.author as author2_1_, quiz0_.text as text3_1_, quiz0_.title as title4_1_ from quiz quiz0_ order by quiz0_.id asc limit ?
Hibernate: select count(quiz0_.id) as col_0_0_ from quiz quiz0_
Hibernate: select options0_.quiz_id as quiz_id1_3_0_, options0_.options as options2_3_0_ from quiz_options options0_ where options0_.quiz_id=?
Hibernate: select options0_.quiz_id as quiz_id1_3_0_, options0_.options as options2_3_0_ from quiz_options options0_ where options0_.quiz_id=?
Hibernate: select options0_.quiz_id as quiz_id1_3_0_, options0_.options as options2_3_0_ from quiz_options options0_ where options0_.quiz_id=?
Hibernate: select options0_.quiz_id as quiz_id1_3_0_, options0_.options as options2_3_0_ from quiz_options options0_ where options0_.quiz_id=?
Hibernate: select options0_.quiz_id as quiz_id1_3_0_, options0_.options as options2_3_0_ from quiz_options options0_ where options0_.quiz_id=?
Hibernate: select options0_.quiz_id as quiz_id1_3_0_, options0_.options as options2_3_0_ from quiz_options options0_ where options0_.quiz_id=?
Hibernate: select options0_.quiz_id as quiz_id1_3_0_, options0_.options as options2_3_0_ from quiz_options options0_ where options0_.quiz_id=?
Hibernate: select options0_.quiz_id as quiz_id1_3_0_, options0_.options as options2_3_0_ from quiz_options options0_ where options0_.quiz_id=?
Hibernate: select options0_.quiz_id as quiz_id1_3_0_, options0_.options as options2_3_0_ from quiz_options options0_ where options0_.quiz_id=?
Hibernate: select options0_.quiz_id as quiz_id1_3_0_, options0_.options as options2_3_0_ from quiz_options options0_ where options0_.quiz_id=?
?[1;31m
Start test 232?[0m
Hibernate: select user0_.id as id1_4_, user0_.email as email2_4_, user0_.password as password3_4_ from users user0_ where user0_.email=?
Hibernate: select quiz0_.id as id1_1_, quiz0_.author as author2_1_, quiz0_.text as text3_1_, quiz0_.title as title4_1_ from quiz quiz0_ order by quiz0_.id asc limit ?
Hibernate: select count(quiz0_.id) as col_0_0_ from quiz quiz0_
Hibernate: select options0_.quiz_id as quiz_id1_3_0_, options0_.options as options2_3_0_ from quiz_options options0_ where options0_.quiz_id=?
Hibernate: select options0_.quiz_id as quiz_id1_3_0_, options0_.options as options2_3_0_ from quiz_options options0_ where options0_.quiz_id=?
Hibernate: select options0_.quiz_id as quiz_id1_3_0_, options0_.options as options2_3_0_ from quiz_options options0_ where options0_.quiz_id=?
Hibernate: select options0_.quiz_id as quiz_id1_3_0_, options0_.options as options2_3_0_ from quiz_options options0_ where options0_.quiz_id=?
Hibernate: select options0_.quiz_id as quiz_id1_3_0_, options0_.options as options2_3_0_ from quiz_options options0_ where options0_.quiz_id=?
Hibernate: select options0_.quiz_id as quiz_id1_3_0_, options0_.options as options2_3_0_ from quiz_options options0_ where options0_.quiz_id=?
Hibernate: select options0_.quiz_id as quiz_id1_3_0_, options0_.options as options2_3_0_ from quiz_options options0_ where options0_.quiz_id=?
Hibernate: select options0_.quiz_id as quiz_id1_3_0_, options0_.options as options2_3_0_ from quiz_options options0_ where options0_.quiz_id=?
Hibernate: select options0_.quiz_id as quiz_id1_3_0_, options0_.options as options2_3_0_ from quiz_options options0_ where options0_.quiz_id=?
Hibernate: select options0_.quiz_id as quiz_id1_3_0_, options0_.options as options2_3_0_ from quiz_options options0_ where options0_.quiz_id=?
?[1;31m
Start test 233?[0m
Hibernate: select user0_.id as id1_4_, user0_.email as email2_4_, user0_.password as password3_4_ from users user0_ where user0_.email=?
Hibernate: select quiz0_.id as id1_1_, quiz0_.author as author2_1_, quiz0_.text as text3_1_, quiz0_.title as title4_1_ from quiz quiz0_ order by quiz0_.id asc limit ? offset ?
Hibernate: select options0_.quiz_id as quiz_id1_3_0_, options0_.options as options2_3_0_ from quiz_options options0_ where options0_.quiz_id=?
Hibernate: select options0_.quiz_id as quiz_id1_3_0_, options0_.options as options2_3_0_ from quiz_options options0_ where options0_.quiz_id=?
Hibernate: select options0_.quiz_id as quiz_id1_3_0_, options0_.options as options2_3_0_ from quiz_options options0_ where options0_.quiz_id=?
Hibernate: select options0_.quiz_id as quiz_id1_3_0_, options0_.options as options2_3_0_ from quiz_options options0_ where options0_.quiz_id=?
Hibernate: select options0_.quiz_id as quiz_id1_3_0_, options0_.options as options2_3_0_ from quiz_options options0_ where options0_.quiz_id=?
?[1;31m
Start test 234?[0m
Hibernate: select user0_.id as id1_4_, user0_.email as email2_4_, user0_.password as password3_4_ from users user0_ where user0_.email=?
Hibernate: select quiz0_.id as id1_1_, quiz0_.author as author2_1_, quiz0_.text as text3_1_, quiz0_.title as title4_1_ from quiz quiz0_ order by quiz0_.id asc limit ? offset ?
Hibernate: select options0_.quiz_id as quiz_id1_3_0_, options0_.options as options2_3_0_ from quiz_options options0_ where options0_.quiz_id=?
Hibernate: select options0_.quiz_id as quiz_id1_3_0_, options0_.options as options2_3_0_ from quiz_options options0_ where options0_.quiz_id=?
Hibernate: select options0_.quiz_id as quiz_id1_3_0_, options0_.options as options2_3_0_ from quiz_options options0_ where options0_.quiz_id=?
Hibernate: select options0_.quiz_id as quiz_id1_3_0_, options0_.options as options2_3_0_ from quiz_options options0_ where options0_.quiz_id=?
Hibernate: select options0_.quiz_id as quiz_id1_3_0_, options0_.options as options2_3_0_ from quiz_options options0_ where options0_.quiz_id=?
]]></system-out>
  <system-err><![CDATA[]]></system-err>
</testsuite>
